2021-08-07 09:37:41,794 INFO o.a.j.u.JMeterUtils: Setting Locale to en_US
2021-08-07 09:37:41,821 INFO o.a.j.JMeter: Loading user properties from: /home/ubuntu/apache-jmeter-5.4.1/bin/user.properties
2021-08-07 09:37:41,822 INFO o.a.j.JMeter: Loading system properties from: /home/ubuntu/apache-jmeter-5.4.1/bin/system.properties
2021-08-07 09:37:41,831 INFO o.a.j.JMeter: Copyright (c) 1998-2021 The Apache Software Foundation
2021-08-07 09:37:41,831 INFO o.a.j.JMeter: Version 5.4.1
2021-08-07 09:37:41,832 INFO o.a.j.JMeter: java.version=11.0.11
2021-08-07 09:37:41,832 INFO o.a.j.JMeter: java.vm.name=OpenJDK 64-Bit Server VM
2021-08-07 09:37:41,832 INFO o.a.j.JMeter: os.name=Linux
2021-08-07 09:37:41,832 INFO o.a.j.JMeter: os.arch=amd64
2021-08-07 09:37:41,832 INFO o.a.j.JMeter: os.version=5.8.0-63-generic
2021-08-07 09:37:41,832 INFO o.a.j.JMeter: file.encoding=UTF-8
2021-08-07 09:37:41,832 INFO o.a.j.JMeter: java.awt.headless=null
2021-08-07 09:37:41,832 INFO o.a.j.JMeter: Max memory     =4110417920
2021-08-07 09:37:41,832 INFO o.a.j.JMeter: Available Processors =8
2021-08-07 09:37:41,842 INFO o.a.j.JMeter: Default Locale=English (United States)
2021-08-07 09:37:41,842 INFO o.a.j.JMeter: JMeter  Locale=English (United States)
2021-08-07 09:37:41,842 INFO o.a.j.JMeter: JMeterHome=/home/ubuntu/apache-jmeter-5.4.1
2021-08-07 09:37:41,842 INFO o.a.j.JMeter: user.dir  =/home/ubuntu/VSCode/hey-app/hey-frontend
2021-08-07 09:37:41,843 INFO o.a.j.JMeter: PWD       =/home/ubuntu/VSCode/hey-app/hey-frontend
2021-08-07 09:37:41,843 INFO o.a.j.JMeter: IP: 127.0.0.1 Name: PF1PGSM4 FullName: localhost
2021-08-07 09:37:42,306 INFO o.a.j.JMeter: Setting LAF to: laf:javax.swing.plaf.nimbus.NimbusLookAndFeel
2021-08-07 09:37:42,620 INFO o.a.j.JMeter: Loaded icon properties from org/apache/jmeter/images/icon.properties
2021-08-07 10:20:36,698 INFO o.a.j.e.KeyToolUtils: keytool found at 'keytool'
2021-08-07 10:20:36,699 INFO o.a.j.p.h.p.ProxyControl: HTTP(S) Test Script Recorder SSL Proxy will use keys that support embedded 3rd party resources in file /home/ubuntu/apache-jmeter-5.4.1/bin/proxyserver.jks
2021-08-07 10:20:57,701 INFO o.a.j.p.h.s.HTTPSamplerBase: Parser for text/html is org.apache.jmeter.protocol.http.parser.LagartoBasedHtmlParser
2021-08-07 10:20:57,701 INFO o.a.j.p.h.s.HTTPSamplerBase: Parser for application/xhtml+xml is org.apache.jmeter.protocol.http.parser.LagartoBasedHtmlParser
2021-08-07 10:20:57,701 INFO o.a.j.p.h.s.HTTPSamplerBase: Parser for application/xml is org.apache.jmeter.protocol.http.parser.LagartoBasedHtmlParser
2021-08-07 10:20:57,701 INFO o.a.j.p.h.s.HTTPSamplerBase: Parser for text/xml is org.apache.jmeter.protocol.http.parser.LagartoBasedHtmlParser
2021-08-07 10:20:57,702 INFO o.a.j.p.h.s.HTTPSamplerBase: Parser for text/vnd.wap.wml is org.apache.jmeter.protocol.http.parser.RegexpHTMLParser
2021-08-07 10:20:57,702 INFO o.a.j.p.h.s.HTTPSamplerBase: Parser for text/css is org.apache.jmeter.protocol.http.parser.CssParser
2021-08-07 10:21:06,843 INFO o.a.j.s.SampleResult: Note: Sample TimeStamps are START times
2021-08-07 10:21:06,843 INFO o.a.j.s.SampleResult: sampleresult.default.encoding is set to ISO-8859-1
2021-08-07 10:21:06,844 INFO o.a.j.s.SampleResult: sampleresult.useNanoTime=true
2021-08-07 10:21:06,844 INFO o.a.j.s.SampleResult: sampleresult.nanoThreadSleep=5000
2021-08-07 10:21:06,994 INFO o.a.j.v.ViewResultsFullVisualizer: Add JavaFX to your Java installation if you want to use renderer: org.apache.jmeter.visualizers.RenderInBrowser
2021-08-07 10:21:14,708 INFO o.a.j.v.ViewResultsFullVisualizer: Add JavaFX to your Java installation if you want to use renderer: org.apache.jmeter.visualizers.RenderInBrowser
2021-08-07 10:24:33,695 INFO o.a.j.e.u.CompoundVariable: Note: Function class names must contain the string: '.functions.'
2021-08-07 10:24:33,696 INFO o.a.j.e.u.CompoundVariable: Note: Function class names must not contain the string: '.gui.'
2021-08-07 10:24:34,417 INFO o.a.j.p.h.p.ProxyControl: Valid alias found for :root_ca:
2021-08-07 10:24:34,417 INFO o.a.j.p.h.p.ProxyControl: Valid alias found for :intermediate_ca:
2021-08-07 10:24:34,419 INFO o.a.j.p.h.p.Daemon: Creating Daemon Socket on port: 8888
2021-08-07 10:24:34,428 INFO o.a.j.p.h.p.Daemon: Test Script Recorder up and running!
2021-08-07 10:25:32,497 INFO o.a.j.p.h.p.Daemon: HTTP(S) Test Script Recorder stopped
2021-08-07 10:27:59,250 INFO o.a.j.s.FileServer: Default base='/home/ubuntu/VSCode/hey-app/hey-frontend'
2021-08-07 10:28:00,877 INFO o.a.j.g.a.t.TemplateManager: Reading templates from: /home/ubuntu/apache-jmeter-5.4.1/bin/templates/templates.xml
2021-08-07 10:28:14,564 INFO o.a.j.g.a.Load: Loading file: /tmp/Recording6363052208622681199.output
2021-08-07 10:28:14,778 INFO o.a.j.s.SaveService: Testplan (JMX) version: 2.2. Testlog (JTL) version: 2.2
2021-08-07 10:28:14,789 INFO o.a.j.s.SaveService: Using SaveService properties version 5.0
2021-08-07 10:28:14,791 INFO o.a.j.s.SaveService: Using SaveService properties file encoding UTF-8
2021-08-07 10:28:14,792 INFO o.a.j.s.SaveService: Loading file: /tmp/Recording6363052208622681199.output
2021-08-07 10:28:14,817 INFO o.a.j.p.h.c.CookieManager: Settings: Delete null: true Check: true Allow variable: true Save: false Prefix: COOKIE_
2021-08-07 10:28:14,953 INFO o.a.j.v.ViewResultsFullVisualizer: Add JavaFX to your Java installation if you want to use renderer: org.apache.jmeter.visualizers.RenderInBrowser
2021-08-07 10:28:15,045 INFO o.a.j.v.ViewResultsFullVisualizer: Add JavaFX to your Java installation if you want to use renderer: org.apache.jmeter.visualizers.RenderInBrowser
2021-08-07 10:32:07,099 INFO o.a.j.p.h.p.ProxyControl: Valid alias found for :root_ca:
2021-08-07 10:32:07,099 INFO o.a.j.p.h.p.ProxyControl: Valid alias found for :intermediate_ca:
2021-08-07 10:32:07,099 INFO o.a.j.p.h.p.ProxyControl: Creating entry localhost/orangehrm-4.5/orangehrm-4.5/symfony/web/index.php/auth/login in /home/ubuntu/apache-jmeter-5.4.1/bin/proxyserver.jks
2021-08-07 10:32:07,749 ERROR o.a.j.p.h.p.ProxyControl: Could not initialise key store
java.io.IOException:   >> keytool error: java.lang.RuntimeException: java.io.IOException: DNSName components must consist of letters, digits, and hyphens <<
Command failed, code: 1
'keytool -genkeypair -alias localhost/orangehrm-4.5/orangehrm-4.5/symfony/web/index.php/auth/login -dname "cn=localhost/orangehrm-4.5/orangehrm-4.5/symfony/web/index.php/auth/login, o=JMeter Proxy (TEMPORARY TRUST ONLY)" -keyalg RSA -keystore proxyserver.jks -storepass {redacted} -keypass {redacted} -validity 7 -ext san=dns:localhost/orangehrm-4.5/orangehrm-4.5/symfony/web/index.php/auth/login'
	at org.apache.jorphan.exec.KeyToolUtils.genkeypair(KeyToolUtils.java:173) ~[jorphan.jar:5.4.1]
	at org.apache.jorphan.exec.KeyToolUtils.generateSignedCert(KeyToolUtils.java:290) ~[jorphan.jar:5.4.1]
	at org.apache.jorphan.exec.KeyToolUtils.generateHostCert(KeyToolUtils.java:281) ~[jorphan.jar:5.4.1]
	at org.apache.jmeter.protocol.http.proxy.ProxyControl.initDynamicKeyStore(ProxyControl.java:1587) ~[ApacheJMeter_http.jar:5.4.1]
	at org.apache.jmeter.protocol.http.proxy.ProxyControl.initKeyStore(ProxyControl.java:1480) ~[ApacheJMeter_http.jar:5.4.1]
	at org.apache.jmeter.protocol.http.proxy.ProxyControl.startProxy(ProxyControl.java:523) [ApacheJMeter_http.jar:5.4.1]
	at org.apache.jmeter.protocol.http.proxy.gui.ProxyControlGui.startProxy(ProxyControlGui.java:623) [ApacheJMeter_http.jar:5.4.1]
	at org.apache.jmeter.protocol.http.proxy.gui.ProxyControlGui.actionPerformed(ProxyControlGui.java:463) [ApacheJMeter_http.jar:5.4.1]
	at javax.swing.AbstractButton.fireActionPerformed(AbstractButton.java:1967) [?:?]
	at javax.swing.AbstractButton$Handler.actionPerformed(AbstractButton.java:2308) [?:?]
	at javax.swing.DefaultButtonModel.fireActionPerformed(DefaultButtonModel.java:405) [?:?]
	at javax.swing.DefaultButtonModel.setPressed(DefaultButtonModel.java:262) [?:?]
	at javax.swing.plaf.basic.BasicButtonListener.mouseReleased(BasicButtonListener.java:279) [?:?]
	at java.awt.Component.processMouseEvent(Component.java:6635) [?:?]
	at javax.swing.JComponent.processMouseEvent(JComponent.java:3342) [?:?]
	at java.awt.Component.processEvent(Component.java:6400) [?:?]
	at java.awt.Container.processEvent(Container.java:2263) [?:?]
	at java.awt.Component.dispatchEventImpl(Component.java:5011) [?:?]
	at java.awt.Container.dispatchEventImpl(Container.java:2321) [?:?]
	at java.awt.Component.dispatchEvent(Component.java:4843) [?:?]
	at java.awt.LightweightDispatcher.retargetMouseEvent(Container.java:4918) [?:?]
	at java.awt.LightweightDispatcher.processMouseEvent(Container.java:4547) [?:?]
	at java.awt.LightweightDispatcher.dispatchEvent(Container.java:4488) [?:?]
	at java.awt.Container.dispatchEventImpl(Container.java:2307) [?:?]
	at java.awt.Window.dispatchEventImpl(Window.java:2772) [?:?]
	at java.awt.Component.dispatchEvent(Component.java:4843) [?:?]
	at java.awt.EventQueue.dispatchEventImpl(EventQueue.java:772) [?:?]
	at java.awt.EventQueue$4.run(EventQueue.java:721) [?:?]
	at java.awt.EventQueue$4.run(EventQueue.java:715) [?:?]
	at java.security.AccessController.doPrivileged(Native Method) ~[?:?]
	at java.security.ProtectionDomain$JavaSecurityAccessImpl.doIntersectionPrivilege(ProtectionDomain.java:85) [?:?]
	at java.security.ProtectionDomain$JavaSecurityAccessImpl.doIntersectionPrivilege(ProtectionDomain.java:95) [?:?]
	at java.awt.EventQueue$5.run(EventQueue.java:745) [?:?]
	at java.awt.EventQueue$5.run(EventQueue.java:743) [?:?]
	at java.security.AccessController.doPrivileged(Native Method) ~[?:?]
	at java.security.ProtectionDomain$JavaSecurityAccessImpl.doIntersectionPrivilege(ProtectionDomain.java:85) [?:?]
	at java.awt.EventQueue.dispatchEvent(EventQueue.java:742) [?:?]
	at java.awt.EventDispatchThread.pumpOneEventForFilters(EventDispatchThread.java:203) [?:?]
	at java.awt.EventDispatchThread.pumpEventsForFilter(EventDispatchThread.java:124) [?:?]
	at java.awt.EventDispatchThread.pumpEventsForHierarchy(EventDispatchThread.java:113) [?:?]
	at java.awt.EventDispatchThread.pumpEvents(EventDispatchThread.java:109) [?:?]
	at java.awt.EventDispatchThread.pumpEvents(EventDispatchThread.java:101) [?:?]
	at java.awt.EventDispatchThread.run(EventDispatchThread.java:90) [?:?]
2021-08-07 10:32:49,218 INFO o.a.j.p.h.p.ProxyControl: Valid alias found for :root_ca:
2021-08-07 10:32:49,218 INFO o.a.j.p.h.p.ProxyControl: Valid alias found for :intermediate_ca:
2021-08-07 10:32:49,218 INFO o.a.j.p.h.p.ProxyControl: Creating entry localhost in /home/ubuntu/apache-jmeter-5.4.1/bin/proxyserver.jks
2021-08-07 10:32:51,863 INFO o.a.j.p.h.p.Daemon: Creating Daemon Socket on port: 8888
2021-08-07 10:32:51,864 INFO o.a.j.p.h.p.Daemon: Test Script Recorder up and running!
2021-08-07 10:32:58,126 INFO o.a.j.p.h.p.Proxy: Proxy will remove the headers: If-Modified-Since,If-None-Match,Host
2021-08-07 10:32:58,614 INFO o.a.j.p.h.p.Proxy: [45096]  KeyStore for SSL loaded OK and put host 'www.google.com' in map with key (www.google.com)
2021-08-07 10:32:58,763 INFO o.a.j.p.h.s.HTTPHCAbstractImpl: Local host = PF1PGSM4
2021-08-07 10:32:58,770 WARN o.a.j.p.h.p.Proxy: [45096]  Problem with SSL certificate for url  for 'www.google.com'? Ensure browser is set to accept the JMeter proxy cert: readHandshakeRecord
2021-08-07 10:32:58,773 INFO o.a.j.s.SampleEvent: List of sample_variables: []
2021-08-07 10:32:58,777 INFO o.a.j.p.h.s.HTTPHC4Impl: HTTP request retry count = 0
2021-08-07 10:32:58,792 WARN o.a.j.p.h.p.Proxy: [45100]  Problem with SSL certificate for url  for 'www.google.com'? Ensure browser is set to accept the JMeter proxy cert: readHandshakeRecord
2021-08-07 10:32:59,018 WARN o.a.j.p.h.p.Proxy: [45104]  Problem with SSL certificate for url  for 'www.google.com'? Ensure browser is set to accept the JMeter proxy cert: readHandshakeRecord
2021-08-07 10:32:59,103 WARN o.a.j.p.h.p.Proxy: [45106]  Problem with SSL certificate for url  for 'www.google.com'? Ensure browser is set to accept the JMeter proxy cert: readHandshakeRecord
2021-08-07 10:32:59,180 WARN o.a.j.p.h.p.Proxy: [45118]  Problem with SSL certificate for url  for 'www.google.com'? Ensure browser is set to accept the JMeter proxy cert: readHandshakeRecord
2021-08-07 10:33:00,072 INFO o.a.j.p.h.p.ProxyControl: Add sample -4 into controller 
2021-08-07 10:33:00,144 INFO o.a.j.p.h.p.ProxyControl: Add sample -5 into controller 
2021-08-07 10:33:00,183 WARN o.a.j.p.h.p.Proxy: [45128]  Problem with SSL certificate for url  for 'www.google.com'? Ensure browser is set to accept the JMeter proxy cert: readHandshakeRecord
2021-08-07 10:33:00,391 INFO o.a.j.p.h.p.ProxyControl: [45144]  Creating entry mitmdetection.services.mozilla.com in /home/ubuntu/apache-jmeter-5.4.1/bin/proxyserver.jks
2021-08-07 10:33:00,667 INFO o.a.j.p.h.p.Proxy: [45130]  KeyStore for SSL loaded OK and put host 'incoming.telemetry.mozilla.org' in map with key (incoming.telemetry.mozilla.org)
2021-08-07 10:33:00,694 WARN o.a.j.p.h.p.Proxy: [45130]  Problem with SSL certificate for url  for 'incoming.telemetry.mozilla.org'? Ensure browser is set to accept the JMeter proxy cert: readHandshakeRecord
2021-08-07 10:33:03,951 INFO o.a.j.p.h.p.Proxy: [45144]  KeyStore for SSL loaded OK and put host 'mitmdetection.services.mozilla.com' in map with key (mitmdetection.services.mozilla.com)
2021-08-07 10:33:03,979 WARN o.a.j.p.h.p.Proxy: [45144]  Problem with SSL certificate for url  for 'mitmdetection.services.mozilla.com'? Ensure browser is set to accept the JMeter proxy cert: readHandshakeRecord
2021-08-07 10:33:13,060 INFO o.a.j.p.h.p.Daemon: HTTP(S) Test Script Recorder stopped
2021-08-07 10:34:02,227 INFO o.a.j.p.h.p.ProxyControl: Valid alias found for :root_ca:
2021-08-07 10:34:02,227 INFO o.a.j.p.h.p.ProxyControl: Valid alias found for :intermediate_ca:
2021-08-07 10:34:02,227 WARN o.a.j.p.h.p.ProxyControl: Attempt to create an invalid domain certificate: localhost/*
2021-08-07 10:34:02,227 INFO o.a.j.p.h.p.Daemon: Creating Daemon Socket on port: 8888
2021-08-07 10:34:02,228 INFO o.a.j.p.h.p.Daemon: Test Script Recorder up and running!
2021-08-07 10:34:27,257 INFO o.a.j.p.h.p.Daemon: HTTP(S) Test Script Recorder stopped
2021-08-07 10:34:37,311 INFO o.a.j.p.h.p.ProxyControl: Valid alias found for :root_ca:
2021-08-07 10:34:37,311 INFO o.a.j.p.h.p.ProxyControl: Valid alias found for :intermediate_ca:
2021-08-07 10:34:37,311 INFO o.a.j.p.h.p.Daemon: Creating Daemon Socket on port: 8888
2021-08-07 10:34:37,312 INFO o.a.j.p.h.p.Daemon: Test Script Recorder up and running!
2021-08-07 10:34:49,329 INFO o.a.j.p.h.p.Daemon: HTTP(S) Test Script Recorder stopped
2021-08-07 10:34:59,341 INFO o.a.j.p.h.p.ProxyControl: Valid alias found for :root_ca:
2021-08-07 10:34:59,342 INFO o.a.j.p.h.p.ProxyControl: Valid alias found for :intermediate_ca:
2021-08-07 10:34:59,342 INFO o.a.j.p.h.p.Daemon: Creating Daemon Socket on port: 8888
2021-08-07 10:34:59,342 INFO o.a.j.p.h.p.Daemon: Test Script Recorder up and running!
2021-08-07 10:35:03,128 WARN o.a.j.p.h.p.Proxy: [45228]  Problem with SSL certificate for url  for 'www.google.com'? Ensure browser is set to accept the JMeter proxy cert: Received fatal alert: unknown_ca
2021-08-07 10:35:03,653 WARN o.a.j.p.h.p.Proxy: [45244]  Problem with SSL certificate for url  for 'www.google.com'? Ensure browser is set to accept the JMeter proxy cert: Received fatal alert: unknown_ca
2021-08-07 10:35:03,837 WARN o.a.j.p.h.p.Proxy: [45260]  Problem with SSL certificate for url  for 'www.google.com'? Ensure browser is set to accept the JMeter proxy cert: Received fatal alert: unknown_ca
2021-08-07 10:35:03,941 WARN o.a.j.p.h.p.Proxy: [45274]  Problem with SSL certificate for url  for 'www.google.com'? Ensure browser is set to accept the JMeter proxy cert: Received fatal alert: unknown_ca
2021-08-07 10:35:04,041 WARN o.a.j.p.h.p.Proxy: [45290]  Problem with SSL certificate for url  for 'www.google.com'? Ensure browser is set to accept the JMeter proxy cert: Received fatal alert: unknown_ca
2021-08-07 10:35:04,909 WARN o.a.j.p.h.p.Proxy: [45310]  Problem with SSL certificate for url  for 'www.google.com'? Ensure browser is set to accept the JMeter proxy cert: Received fatal alert: unknown_ca
2021-08-07 10:35:04,947 INFO o.a.j.p.h.p.ProxyControl: Add sample -30 into controller 
2021-08-07 10:35:04,949 WARN o.a.j.p.h.p.Proxy: [45312]  Problem with SSL certificate for url  for 'incoming.telemetry.mozilla.org'? Ensure browser is set to accept the JMeter proxy cert: readHandshakeRecord
2021-08-07 10:35:05,108 WARN o.a.j.p.h.p.Proxy: [45326]  Problem with SSL certificate for url  for 'mitmdetection.services.mozilla.com'? Ensure browser is set to accept the JMeter proxy cert: Received fatal alert: unknown_ca
2021-08-07 10:35:05,160 WARN o.a.j.p.h.p.Proxy: [45328]  Problem with SSL certificate for url  for 'incoming.telemetry.mozilla.org'? Ensure browser is set to accept the JMeter proxy cert: Received fatal alert: bad_certificate
2021-08-07 10:35:05,167 WARN o.a.j.p.h.p.Proxy: [45334]  Problem with SSL certificate for url  for 'www.google.com'? Ensure browser is set to accept the JMeter proxy cert: Received fatal alert: bad_certificate
2021-08-07 10:35:05,185 WARN o.a.j.p.h.p.Proxy: [45336]  Problem with SSL certificate for url  for 'incoming.telemetry.mozilla.org'? Ensure browser is set to accept the JMeter proxy cert: Received fatal alert: bad_certificate
2021-08-07 10:35:05,188 WARN o.a.j.p.h.p.Proxy: [45338]  Problem with SSL certificate for url  for 'incoming.telemetry.mozilla.org'? Ensure browser is set to accept the JMeter proxy cert: readHandshakeRecord
2021-08-07 10:35:05,189 WARN o.a.j.p.h.p.Proxy: [45340]  Problem with SSL certificate for url  for 'incoming.telemetry.mozilla.org'? Ensure browser is set to accept the JMeter proxy cert: readHandshakeRecord
2021-08-07 10:35:05,206 WARN o.a.j.p.h.p.Proxy: [45342]  Problem with SSL certificate for url  for 'incoming.telemetry.mozilla.org'? Ensure browser is set to accept the JMeter proxy cert: Received fatal alert: bad_certificate
2021-08-07 10:35:05,208 WARN o.a.j.p.h.p.Proxy: [45344]  Problem with SSL certificate for url  for 'incoming.telemetry.mozilla.org'? Ensure browser is set to accept the JMeter proxy cert: readHandshakeRecord
2021-08-07 10:35:05,218 WARN o.a.j.p.h.p.Proxy: [45346]  Problem with SSL certificate for url  for 'incoming.telemetry.mozilla.org'? Ensure browser is set to accept the JMeter proxy cert: Received fatal alert: bad_certificate
2021-08-07 10:35:08,237 INFO o.a.j.p.h.p.Daemon: HTTP(S) Test Script Recorder stopped
2021-08-07 10:36:23,398 INFO o.a.j.p.h.p.ProxyControl: Valid alias found for :root_ca:
2021-08-07 10:36:23,398 INFO o.a.j.p.h.p.ProxyControl: Valid alias found for :intermediate_ca:
2021-08-07 10:36:23,399 INFO o.a.j.p.h.p.Daemon: Creating Daemon Socket on port: 8888
2021-08-07 10:36:23,399 INFO o.a.j.p.h.p.Daemon: Test Script Recorder up and running!
2021-08-07 10:36:36,417 INFO o.a.j.p.h.p.Daemon: HTTP(S) Test Script Recorder stopped
2021-08-07 10:38:18,657 INFO o.a.j.p.h.p.ProxyControl: Valid alias found for :root_ca:
2021-08-07 10:38:18,657 INFO o.a.j.p.h.p.ProxyControl: Valid alias found for :intermediate_ca:
2021-08-07 10:38:18,658 INFO o.a.j.p.h.p.Daemon: Creating Daemon Socket on port: 8888
2021-08-07 10:38:18,659 INFO o.a.j.p.h.p.Daemon: Test Script Recorder up and running!
2021-08-07 10:38:32,785 WARN o.a.j.p.h.p.Proxy: [45434]  Problem with SSL certificate for url  for 'www.google.com'? Ensure browser is set to accept the JMeter proxy cert: Received fatal alert: bad_certificate
2021-08-07 10:38:34,056 WARN o.a.j.p.h.p.Proxy: [45442]  Problem with SSL certificate for url  for 'www.google.com'? Ensure browser is set to accept the JMeter proxy cert: Received fatal alert: bad_certificate
2021-08-07 10:38:34,078 INFO o.a.j.p.h.p.ProxyControl: Add sample -38 into controller 
2021-08-07 10:38:34,086 WARN o.a.j.p.h.p.Proxy: [45444]  Problem with SSL certificate for url  for 'incoming.telemetry.mozilla.org'? Ensure browser is set to accept the JMeter proxy cert: Received fatal alert: bad_certificate
2021-08-07 10:39:05,911 INFO o.a.j.p.h.p.Daemon: HTTP(S) Test Script Recorder stopped
2021-08-07 10:42:13,094 INFO o.a.j.s.FileServer: Set new base='/home/ubuntu/VSCode'
2021-08-07 10:42:13,117 INFO o.a.j.e.StandardJMeterEngine: Running the test!
2021-08-07 10:42:13,117 INFO o.a.j.s.SampleEvent: List of sample_variables: []
2021-08-07 10:42:13,122 INFO o.a.j.g.u.JMeterMenuBar: setRunning(true, *local*)
2021-08-07 10:42:13,226 INFO o.a.j.e.StandardJMeterEngine: Starting ThreadGroup: 1 : Thread Group
2021-08-07 10:42:13,226 INFO o.a.j.e.StandardJMeterEngine: Starting 1 threads for group Thread Group.
2021-08-07 10:42:13,226 INFO o.a.j.e.StandardJMeterEngine: Thread will continue on error
2021-08-07 10:42:13,227 INFO o.a.j.t.ThreadGroup: Starting thread group... number=1 threads=1 ramp-up=1 delayedStart=false
2021-08-07 10:42:13,231 INFO o.a.j.t.ThreadGroup: Started thread group number 1
2021-08-07 10:42:13,231 INFO o.a.j.e.StandardJMeterEngine: All thread groups have been started
2021-08-07 10:42:13,231 INFO o.a.j.t.JMeterThread: Thread started: Thread Group 1-1
2021-08-07 10:42:13,234 INFO o.a.j.t.JMeterThread: Thread is done: Thread Group 1-1
2021-08-07 10:42:13,234 INFO o.a.j.t.JMeterThread: Thread finished: Thread Group 1-1
2021-08-07 10:42:13,234 INFO o.a.j.e.StandardJMeterEngine: Notifying test listeners of end of test
2021-08-07 10:42:13,234 INFO o.a.j.g.u.JMeterMenuBar: setRunning(false, *local*)
2021-08-07 10:42:15,441 INFO o.a.j.e.StandardJMeterEngine: Running the test!
2021-08-07 10:42:15,442 INFO o.a.j.s.SampleEvent: List of sample_variables: []
2021-08-07 10:42:15,447 INFO o.a.j.g.u.JMeterMenuBar: setRunning(true, *local*)
2021-08-07 10:42:15,511 INFO o.a.j.e.StandardJMeterEngine: Starting ThreadGroup: 1 : Thread Group
2021-08-07 10:42:15,512 INFO o.a.j.e.StandardJMeterEngine: Starting 1 threads for group Thread Group.
2021-08-07 10:42:15,512 INFO o.a.j.e.StandardJMeterEngine: Thread will continue on error
2021-08-07 10:42:15,512 INFO o.a.j.t.ThreadGroup: Starting thread group... number=1 threads=1 ramp-up=1 delayedStart=false
2021-08-07 10:42:15,513 INFO o.a.j.t.ThreadGroup: Started thread group number 1
2021-08-07 10:42:15,513 INFO o.a.j.e.StandardJMeterEngine: All thread groups have been started
2021-08-07 10:42:15,513 INFO o.a.j.t.JMeterThread: Thread started: Thread Group 1-1
2021-08-07 10:42:15,514 INFO o.a.j.t.JMeterThread: Thread is done: Thread Group 1-1
2021-08-07 10:42:15,514 INFO o.a.j.t.JMeterThread: Thread finished: Thread Group 1-1
2021-08-07 10:42:15,514 INFO o.a.j.e.StandardJMeterEngine: Notifying test listeners of end of test
2021-08-07 10:42:15,515 INFO o.a.j.g.u.JMeterMenuBar: setRunning(false, *local*)
2021-08-07 10:42:17,989 INFO o.a.j.e.StandardJMeterEngine: Running the test!
2021-08-07 10:42:17,990 INFO o.a.j.s.SampleEvent: List of sample_variables: []
2021-08-07 10:42:17,994 INFO o.a.j.g.u.JMeterMenuBar: setRunning(true, *local*)
2021-08-07 10:42:18,055 INFO o.a.j.e.StandardJMeterEngine: Starting ThreadGroup: 1 : Thread Group
2021-08-07 10:42:18,055 INFO o.a.j.e.StandardJMeterEngine: Starting 1 threads for group Thread Group.
2021-08-07 10:42:18,055 INFO o.a.j.e.StandardJMeterEngine: Thread will continue on error
2021-08-07 10:42:18,055 INFO o.a.j.t.ThreadGroup: Starting thread group... number=1 threads=1 ramp-up=1 delayedStart=false
2021-08-07 10:42:18,056 INFO o.a.j.t.ThreadGroup: Started thread group number 1
2021-08-07 10:42:18,056 INFO o.a.j.e.StandardJMeterEngine: All thread groups have been started
2021-08-07 10:42:18,056 INFO o.a.j.t.JMeterThread: Thread started: Thread Group 1-1
2021-08-07 10:42:18,057 INFO o.a.j.t.JMeterThread: Thread is done: Thread Group 1-1
2021-08-07 10:42:18,057 INFO o.a.j.t.JMeterThread: Thread finished: Thread Group 1-1
2021-08-07 10:42:18,057 INFO o.a.j.e.StandardJMeterEngine: Notifying test listeners of end of test
2021-08-07 10:42:18,058 INFO o.a.j.g.u.JMeterMenuBar: setRunning(false, *local*)
2021-08-07 10:42:26,242 INFO o.a.j.p.h.p.ProxyControl: Valid alias found for :root_ca:
2021-08-07 10:42:26,242 INFO o.a.j.p.h.p.ProxyControl: Valid alias found for :intermediate_ca:
2021-08-07 10:42:26,243 INFO o.a.j.p.h.p.Daemon: Creating Daemon Socket on port: 8888
2021-08-07 10:42:26,243 INFO o.a.j.p.h.p.Daemon: Test Script Recorder up and running!
2021-08-07 10:42:53,275 INFO o.a.j.p.h.p.Daemon: HTTP(S) Test Script Recorder stopped
2021-08-07 10:42:53,385 INFO o.a.j.p.h.p.ProxyControl: Valid alias found for :root_ca:
2021-08-07 10:42:53,385 INFO o.a.j.p.h.p.ProxyControl: Valid alias found for :intermediate_ca:
2021-08-07 10:42:53,385 INFO o.a.j.p.h.p.Daemon: Creating Daemon Socket on port: 8888
2021-08-07 10:42:53,386 INFO o.a.j.p.h.p.Daemon: Test Script Recorder up and running!
2021-08-07 10:43:10,072 WARN o.a.j.p.h.p.Proxy: [45564]  Problem with SSL certificate for url  for 'www.google.com'? Ensure browser is set to accept the JMeter proxy cert: Received fatal alert: bad_certificate
2021-08-07 10:43:10,852 WARN o.a.j.p.h.p.Proxy: [45578]  Problem with SSL certificate for url  for 'incoming.telemetry.mozilla.org'? Ensure browser is set to accept the JMeter proxy cert: Received fatal alert: bad_certificate
2021-08-07 10:43:10,903 INFO o.a.j.p.h.p.ProxyControl: [45588]  Creating entry cdnjs.cloudflare.com in /home/ubuntu/apache-jmeter-5.4.1/bin/proxyserver.jks
2021-08-07 10:43:15,186 INFO o.a.j.p.h.p.Proxy: [45588]  KeyStore for SSL loaded OK and put host 'cdnjs.cloudflare.com' in map with key (cdnjs.cloudflare.com)
2021-08-07 10:43:15,202 WARN o.a.j.p.h.p.Proxy: [45588]  Problem with SSL certificate for url  for 'cdnjs.cloudflare.com'? Ensure browser is set to accept the JMeter proxy cert: readHandshakeRecord
2021-08-07 10:43:15,306 INFO o.a.j.p.h.p.ProxyControl: [45610]  Creating entry connect.facebook.net in /home/ubuntu/apache-jmeter-5.4.1/bin/proxyserver.jks
2021-08-07 10:43:19,430 INFO o.a.j.p.h.p.Proxy: [45610]  KeyStore for SSL loaded OK and put host 'connect.facebook.net' in map with key (connect.facebook.net)
2021-08-07 10:43:19,441 WARN o.a.j.p.h.p.Proxy: [45610]  Problem with SSL certificate for url  for 'connect.facebook.net'? Ensure browser is set to accept the JMeter proxy cert: Received fatal alert: bad_certificate
2021-08-07 10:43:56,558 INFO o.a.j.p.h.p.Daemon: HTTP(S) Test Script Recorder stopped
2021-08-07 10:44:08,900 INFO o.a.j.p.h.p.ProxyControl: Valid alias found for :root_ca:
2021-08-07 10:44:08,901 INFO o.a.j.p.h.p.ProxyControl: Valid alias found for :intermediate_ca:
2021-08-07 10:44:08,901 INFO o.a.j.p.h.p.Daemon: Creating Daemon Socket on port: 8888
2021-08-07 10:44:08,902 INFO o.a.j.p.h.p.Daemon: Test Script Recorder up and running!
2021-08-07 10:44:41,940 INFO o.a.j.p.h.p.Daemon: HTTP(S) Test Script Recorder stopped
2021-08-07 10:45:02,280 INFO o.a.j.v.ViewResultsFullVisualizer: Add JavaFX to your Java installation if you want to use renderer: org.apache.jmeter.visualizers.RenderInBrowser
2021-08-07 10:46:58,435 INFO o.a.j.g.a.Load: Loading file: /home/ubuntu/VSCode/Performance Testing/Login Hey-App.jmx
2021-08-07 10:46:58,436 INFO o.a.j.s.FileServer: Set new base='/home/ubuntu/VSCode/Performance Testing'
2021-08-07 10:46:58,436 INFO o.a.j.s.SaveService: Loading file: /home/ubuntu/VSCode/Performance Testing/Login Hey-App.jmx
2021-08-07 10:46:58,459 INFO o.a.j.p.h.c.CacheManager: Will only cache the following methods: [GET]
2021-08-07 10:46:58,635 INFO o.a.j.v.ViewResultsFullVisualizer: Add JavaFX to your Java installation if you want to use renderer: org.apache.jmeter.visualizers.RenderInBrowser
2021-08-07 10:46:58,683 INFO o.a.j.s.FileServer: Set new base='/home/ubuntu/VSCode/Performance Testing'
2021-08-07 10:59:08,482 INFO o.a.j.e.StandardJMeterEngine: Running the test!
2021-08-07 10:59:08,483 INFO o.a.j.s.SampleEvent: List of sample_variables: []
2021-08-07 10:59:08,489 INFO o.a.j.g.u.JMeterMenuBar: setRunning(true, *local*)
2021-08-07 10:59:08,569 INFO o.a.j.e.StandardJMeterEngine: Starting ThreadGroup: 1 : Thread Group
2021-08-07 10:59:08,570 INFO o.a.j.e.StandardJMeterEngine: Starting 1 threads for group Thread Group.
2021-08-07 10:59:08,570 INFO o.a.j.e.StandardJMeterEngine: Thread will continue on error
2021-08-07 10:59:08,570 INFO o.a.j.t.ThreadGroup: Starting thread group... number=1 threads=1 ramp-up=1 delayedStart=false
2021-08-07 10:59:08,572 INFO o.a.j.t.ThreadGroup: Started thread group number 1
2021-08-07 10:59:08,572 INFO o.a.j.e.StandardJMeterEngine: All thread groups have been started
2021-08-07 10:59:08,577 INFO o.a.j.t.JMeterThread: Thread started: Thread Group 1-1
2021-08-07 10:59:09,343 INFO o.a.j.t.JMeterThread: Thread is done: Thread Group 1-1
2021-08-07 10:59:09,343 INFO o.a.j.t.JMeterThread: Thread finished: Thread Group 1-1
2021-08-07 10:59:09,344 INFO o.a.j.e.StandardJMeterEngine: Notifying test listeners of end of test
2021-08-07 10:59:09,344 INFO o.a.j.g.u.JMeterMenuBar: setRunning(false, *local*)
2021-08-07 11:01:49,553 INFO o.a.j.v.ViewResultsFullVisualizer: Add JavaFX to your Java installation if you want to use renderer: org.apache.jmeter.visualizers.RenderInBrowser
2021-08-07 11:01:49,594 INFO o.a.j.g.a.Load: Loading file: /home/ubuntu/Downloads/Add-employee.jmx
2021-08-07 11:01:49,594 INFO o.a.j.s.FileServer: Set new base='/home/ubuntu/Downloads'
2021-08-07 11:01:49,594 INFO o.a.j.s.SaveService: Loading file: /home/ubuntu/Downloads/Add-employee.jmx
2021-08-07 11:01:49,671 INFO o.a.j.v.ViewResultsFullVisualizer: Add JavaFX to your Java installation if you want to use renderer: org.apache.jmeter.visualizers.RenderInBrowser
2021-08-07 11:01:49,712 INFO o.a.j.s.FileServer: Set new base='/home/ubuntu/Downloads'
2021-08-07 11:07:24,733 INFO o.a.j.e.StandardJMeterEngine: Running the test!
2021-08-07 11:07:24,734 INFO o.a.j.s.SampleEvent: List of sample_variables: []
2021-08-07 11:07:24,739 INFO o.a.j.g.u.JMeterMenuBar: setRunning(true, *local*)
2021-08-07 11:07:24,866 INFO o.a.j.e.StandardJMeterEngine: Starting ThreadGroup: 1 : Thread Group
2021-08-07 11:07:24,866 INFO o.a.j.e.StandardJMeterEngine: Starting 1 threads for group Thread Group.
2021-08-07 11:07:24,866 INFO o.a.j.e.StandardJMeterEngine: Thread will continue on error
2021-08-07 11:07:24,866 INFO o.a.j.t.ThreadGroup: Starting thread group... number=1 threads=1 ramp-up=1 delayedStart=false
2021-08-07 11:07:24,869 INFO o.a.j.t.ThreadGroup: Started thread group number 1
2021-08-07 11:07:24,869 INFO o.a.j.e.StandardJMeterEngine: All thread groups have been started
2021-08-07 11:07:24,871 INFO o.a.j.t.JMeterThread: Thread started: Thread Group 1-1
2021-08-07 11:07:24,969 INFO o.a.j.p.h.p.BaseParser: Created org.apache.jmeter.protocol.http.parser.LagartoBasedHtmlParser
2021-08-07 11:07:25,029 INFO o.a.j.p.h.s.ResourcesDownloader: Creating ResourcesDownloader with keepalive_inseconds : 60
2021-08-07 11:07:25,073 INFO o.a.j.p.h.p.BaseParser: Created org.apache.jmeter.protocol.http.parser.CssParser
2021-08-07 11:07:25,073 INFO o.a.j.p.h.p.BaseParser: Created org.apache.jmeter.protocol.http.parser.CssParser
2021-08-07 11:07:25,073 INFO o.a.j.p.h.p.BaseParser: Created org.apache.jmeter.protocol.http.parser.CssParser
2021-08-07 11:07:25,074 INFO o.a.j.p.h.p.BaseParser: Created org.apache.jmeter.protocol.http.parser.CssParser
2021-08-07 11:07:25,073 INFO o.a.j.p.h.p.BaseParser: Created org.apache.jmeter.protocol.http.parser.CssParser
2021-08-07 11:07:25,074 INFO o.a.j.p.h.p.BaseParser: Created org.apache.jmeter.protocol.http.parser.CssParser
2021-08-07 11:07:25,336 WARN c.h.c.r.e.LoggingCSSParseErrorHandler: Browser compliant mode skipped CSS from [1217:29] starting at token '
  ' until [1218:17] to token ';' (based on com.helger.css.parser.ParseException: Encountered unexpected token: "*" "*"
    at line 1218, column 3.

Was expecting one of:

    ";"
    "@bottom-center"
    "@bottom-left"
    "@bottom-left-corner"
    "@bottom-right"
    "@bottom-right-corner"
    "@charset"
    "@import"
    "@left-bottom"
    "@left-middle"
    "@left-top"
    "@media"
    "@namespace"
    "@page"
    "@right-bottom"
    "@right-middle"
    "@right-top"
    "@supports"
    "@top-center"
    "@top-left"
    "@top-left-corner"
    "@top-right"
    "@top-right-corner"
    "}"
    <AT_UNKNOWN>
    <FONTFACE_SYM>
    <IDENT>
    <KEYFRAMES_SYM>
    <S>
    <VIEWPORT_SYM>
)
2021-08-07 11:07:25,338 WARN c.h.c.r.e.LoggingCSSParseErrorHandler: Browser compliant mode skipped CSS from [1276:35] starting at token '
  ' until [1277:26] to token ';' (based on com.helger.css.parser.ParseException: Encountered unexpected token: "*" "*"
    at line 1277, column 3.

Was expecting one of:

    ";"
    "@bottom-center"
    "@bottom-left"
    "@bottom-left-corner"
    "@bottom-right"
    "@bottom-right-corner"
    "@charset"
    "@import"
    "@left-bottom"
    "@left-middle"
    "@left-top"
    "@media"
    "@namespace"
    "@page"
    "@right-bottom"
    "@right-middle"
    "@right-top"
    "@supports"
    "@top-center"
    "@top-left"
    "@top-left-corner"
    "@top-right"
    "@top-right-corner"
    "}"
    <AT_UNKNOWN>
    <FONTFACE_SYM>
    <IDENT>
    <KEYFRAMES_SYM>
    <S>
    <VIEWPORT_SYM>
)
2021-08-07 11:07:25,339 WARN c.h.c.r.e.LoggingCSSParseErrorHandler: Browser compliant mode skipped CSS from [1278:24] starting at token ':' until [1287:1] to token '}' (based on com.helger.css.parser.ParseException: Encountered unexpected token: " " <S>
    at line 1278, column 25.

Was expecting one of:

    ":"
    <FUNCTION_NTH>
    <IDENT>
)
2021-08-07 11:07:39,787 WARN c.h.c.r.e.LoggingCSSParseErrorHandler: Browser compliant mode skipped CSS from [24:27] starting at token '
    ' until [25:21] to token ';' (based on com.helger.css.parser.ParseException: Encountered unexpected token: "*" "*"
    at line 25, column 5.

Was expecting one of:

    ";"
    "@bottom-center"
    "@bottom-left"
    "@bottom-left-corner"
    "@bottom-right"
    "@bottom-right-corner"
    "@charset"
    "@import"
    "@left-bottom"
    "@left-middle"
    "@left-top"
    "@media"
    "@namespace"
    "@page"
    "@right-bottom"
    "@right-middle"
    "@right-top"
    "@supports"
    "@top-center"
    "@top-left"
    "@top-left-corner"
    "@top-right"
    "@top-right-corner"
    "}"
    <AT_UNKNOWN>
    <FONTFACE_SYM>
    <IDENT>
    <KEYFRAMES_SYM>
    <S>
    <VIEWPORT_SYM>
)
2021-08-07 11:07:39,789 WARN c.h.c.r.e.LoggingCSSParseErrorHandler: Browser compliant mode skipped CSS from [26:10] starting at token ':' until [27:1] to token '}' (based on com.helger.css.parser.ParseException: Encountered unexpected token: " " <S>
    at line 26, column 11.

Was expecting one of:

    ":"
    <FUNCTION_NTH>
    <IDENT>
)
2021-08-07 11:07:54,099 INFO o.a.j.t.JMeterThread: Thread is done: Thread Group 1-1
2021-08-07 11:07:54,099 INFO o.a.j.t.JMeterThread: Thread finished: Thread Group 1-1
2021-08-07 11:07:54,100 INFO o.a.j.e.StandardJMeterEngine: Notifying test listeners of end of test
2021-08-07 11:07:54,100 INFO o.a.j.g.u.JMeterMenuBar: setRunning(false, *local*)
2021-08-07 11:12:57,551 INFO o.a.j.e.StandardJMeterEngine: Running the test!
2021-08-07 11:12:57,552 INFO o.a.j.s.SampleEvent: List of sample_variables: []
2021-08-07 11:12:57,556 INFO o.a.j.g.u.JMeterMenuBar: setRunning(true, *local*)
2021-08-07 11:12:57,634 INFO o.a.j.e.StandardJMeterEngine: Starting ThreadGroup: 1 : Thread Group
2021-08-07 11:12:57,634 INFO o.a.j.e.StandardJMeterEngine: Starting 1 threads for group Thread Group.
2021-08-07 11:12:57,634 INFO o.a.j.e.StandardJMeterEngine: Thread will continue on error
2021-08-07 11:12:57,634 INFO o.a.j.t.ThreadGroup: Starting thread group... number=1 threads=1 ramp-up=1 delayedStart=false
2021-08-07 11:12:57,635 INFO o.a.j.t.ThreadGroup: Started thread group number 1
2021-08-07 11:12:57,636 INFO o.a.j.e.StandardJMeterEngine: All thread groups have been started
2021-08-07 11:12:57,637 INFO o.a.j.t.JMeterThread: Thread started: Thread Group 1-1
2021-08-07 11:13:24,181 INFO o.a.j.t.JMeterThread: Thread is done: Thread Group 1-1
2021-08-07 11:13:24,181 INFO o.a.j.t.JMeterThread: Thread finished: Thread Group 1-1
2021-08-07 11:13:24,182 INFO o.a.j.e.StandardJMeterEngine: Notifying test listeners of end of test
2021-08-07 11:13:24,182 INFO o.a.j.g.u.JMeterMenuBar: setRunning(false, *local*)
2021-08-07 11:15:36,975 INFO o.a.j.g.a.Load: Loading file: /home/ubuntu/Downloads/Add-employee (1).jmx
2021-08-07 11:15:36,975 INFO o.a.j.s.FileServer: Set new base='/home/ubuntu/Downloads'
2021-08-07 11:15:36,975 INFO o.a.j.s.SaveService: Loading file: /home/ubuntu/Downloads/Add-employee (1).jmx
2021-08-07 11:15:37,020 INFO o.a.j.v.ViewResultsFullVisualizer: Add JavaFX to your Java installation if you want to use renderer: org.apache.jmeter.visualizers.RenderInBrowser
2021-08-07 11:15:37,045 INFO o.a.j.s.FileServer: Set new base='/home/ubuntu/Downloads'
2021-08-07 11:16:58,117 INFO o.a.j.e.StandardJMeterEngine: Running the test!
2021-08-07 11:16:58,118 INFO o.a.j.s.SampleEvent: List of sample_variables: []
2021-08-07 11:16:58,121 INFO o.a.j.g.u.JMeterMenuBar: setRunning(true, *local*)
2021-08-07 11:16:58,205 INFO o.a.j.e.StandardJMeterEngine: Starting ThreadGroup: 1 : Thread Group
2021-08-07 11:16:58,206 INFO o.a.j.e.StandardJMeterEngine: Starting 1 threads for group Thread Group.
2021-08-07 11:16:58,206 INFO o.a.j.e.StandardJMeterEngine: Thread will continue on error
2021-08-07 11:16:58,206 INFO o.a.j.t.ThreadGroup: Starting thread group... number=1 threads=1 ramp-up=1 delayedStart=false
2021-08-07 11:16:58,207 INFO o.a.j.t.ThreadGroup: Started thread group number 1
2021-08-07 11:16:58,207 INFO o.a.j.e.StandardJMeterEngine: All thread groups have been started
2021-08-07 11:16:58,208 INFO o.a.j.t.JMeterThread: Thread started: Thread Group 1-1
2021-08-07 11:17:21,746 INFO o.a.j.t.JMeterThread: Thread is done: Thread Group 1-1
2021-08-07 11:17:21,746 INFO o.a.j.t.JMeterThread: Thread finished: Thread Group 1-1
2021-08-07 11:17:21,747 INFO o.a.j.e.StandardJMeterEngine: Notifying test listeners of end of test
2021-08-07 11:17:21,747 INFO o.a.j.g.u.JMeterMenuBar: setRunning(false, *local*)
2021-08-07 11:18:09,683 INFO o.a.j.e.StandardJMeterEngine: Running the test!
2021-08-07 11:18:09,684 INFO o.a.j.s.SampleEvent: List of sample_variables: []
2021-08-07 11:18:09,687 INFO o.a.j.g.u.JMeterMenuBar: setRunning(true, *local*)
2021-08-07 11:18:09,760 INFO o.a.j.e.StandardJMeterEngine: Starting ThreadGroup: 1 : Thread Group
2021-08-07 11:18:09,761 INFO o.a.j.e.StandardJMeterEngine: Starting 1 threads for group Thread Group.
2021-08-07 11:18:09,761 INFO o.a.j.e.StandardJMeterEngine: Thread will continue on error
2021-08-07 11:18:09,761 INFO o.a.j.t.ThreadGroup: Starting thread group... number=1 threads=1 ramp-up=1 delayedStart=false
2021-08-07 11:18:09,762 INFO o.a.j.t.ThreadGroup: Started thread group number 1
2021-08-07 11:18:09,762 INFO o.a.j.e.StandardJMeterEngine: All thread groups have been started
2021-08-07 11:18:09,763 INFO o.a.j.t.JMeterThread: Thread started: Thread Group 1-1
2021-08-07 11:18:34,591 INFO o.a.j.t.JMeterThread: Thread is done: Thread Group 1-1
2021-08-07 11:18:34,592 INFO o.a.j.t.JMeterThread: Thread finished: Thread Group 1-1
2021-08-07 11:18:34,592 INFO o.a.j.e.StandardJMeterEngine: Notifying test listeners of end of test
2021-08-07 11:18:34,592 INFO o.a.j.g.u.JMeterMenuBar: setRunning(false, *local*)
2021-08-07 11:26:05,228 INFO o.a.j.v.ViewResultsFullVisualizer: Add JavaFX to your Java installation if you want to use renderer: org.apache.jmeter.visualizers.RenderInBrowser
2021-08-07 11:26:05,259 INFO o.a.j.g.a.Load: Loading file: /home/ubuntu/VSCode/Performance Testing/Login Hey-App.jmx
2021-08-07 11:26:05,259 INFO o.a.j.s.FileServer: Set new base='/home/ubuntu/VSCode/Performance Testing'
2021-08-07 11:26:05,259 INFO o.a.j.s.SaveService: Loading file: /home/ubuntu/VSCode/Performance Testing/Login Hey-App.jmx
2021-08-07 11:26:05,281 INFO o.a.j.v.ViewResultsFullVisualizer: Add JavaFX to your Java installation if you want to use renderer: org.apache.jmeter.visualizers.RenderInBrowser
2021-08-07 11:26:05,309 INFO o.a.j.s.FileServer: Set new base='/home/ubuntu/VSCode/Performance Testing'
2021-08-07 11:27:16,738 INFO o.a.j.e.StandardJMeterEngine: Running the test!
2021-08-07 11:27:16,740 INFO o.a.j.s.SampleEvent: List of sample_variables: []
2021-08-07 11:27:16,746 INFO o.a.j.g.u.JMeterMenuBar: setRunning(true, *local*)
2021-08-07 11:27:16,868 INFO o.a.j.e.StandardJMeterEngine: Starting ThreadGroup: 1 : Thread Group
2021-08-07 11:27:16,869 INFO o.a.j.e.StandardJMeterEngine: Starting 1 threads for group Thread Group.
2021-08-07 11:27:16,869 INFO o.a.j.e.StandardJMeterEngine: Thread will continue on error
2021-08-07 11:27:16,869 INFO o.a.j.t.ThreadGroup: Starting thread group... number=1 threads=1 ramp-up=1 delayedStart=false
2021-08-07 11:27:16,870 INFO o.a.j.t.ThreadGroup: Started thread group number 1
2021-08-07 11:27:16,870 INFO o.a.j.e.StandardJMeterEngine: All thread groups have been started
2021-08-07 11:27:16,871 INFO o.a.j.t.JMeterThread: Thread started: Thread Group 1-1
2021-08-07 11:27:18,277 INFO o.a.j.t.JMeterThread: Thread is done: Thread Group 1-1
2021-08-07 11:27:18,277 INFO o.a.j.t.JMeterThread: Thread finished: Thread Group 1-1
2021-08-07 11:27:18,278 INFO o.a.j.e.StandardJMeterEngine: Notifying test listeners of end of test
2021-08-07 11:27:18,303 INFO o.a.j.g.u.JMeterMenuBar: setRunning(false, *local*)
2021-08-07 11:27:46,886 INFO o.a.j.e.StandardJMeterEngine: Running the test!
2021-08-07 11:27:46,887 INFO o.a.j.s.SampleEvent: List of sample_variables: []
2021-08-07 11:27:46,890 INFO o.a.j.g.u.JMeterMenuBar: setRunning(true, *local*)
2021-08-07 11:27:47,035 INFO o.a.j.e.StandardJMeterEngine: Starting ThreadGroup: 1 : Thread Group
2021-08-07 11:27:47,035 INFO o.a.j.e.StandardJMeterEngine: Starting 1 threads for group Thread Group.
2021-08-07 11:27:47,035 INFO o.a.j.e.StandardJMeterEngine: Thread will continue on error
2021-08-07 11:27:47,036 INFO o.a.j.t.ThreadGroup: Starting thread group... number=1 threads=1 ramp-up=1 delayedStart=false
2021-08-07 11:27:47,039 INFO o.a.j.t.ThreadGroup: Started thread group number 1
2021-08-07 11:27:47,039 INFO o.a.j.e.StandardJMeterEngine: All thread groups have been started
2021-08-07 11:27:47,040 INFO o.a.j.t.JMeterThread: Thread started: Thread Group 1-1
2021-08-07 11:27:47,540 INFO o.a.j.t.JMeterThread: Thread is done: Thread Group 1-1
2021-08-07 11:27:47,541 INFO o.a.j.t.JMeterThread: Thread finished: Thread Group 1-1
2021-08-07 11:27:47,542 INFO o.a.j.e.StandardJMeterEngine: Notifying test listeners of end of test
2021-08-07 11:27:47,542 INFO o.a.j.g.u.JMeterMenuBar: setRunning(false, *local*)
2021-08-07 11:31:05,419 INFO o.a.j.e.StandardJMeterEngine: Running the test!
2021-08-07 11:31:05,420 INFO o.a.j.s.SampleEvent: List of sample_variables: []
2021-08-07 11:31:05,423 INFO o.a.j.g.u.JMeterMenuBar: setRunning(true, *local*)
2021-08-07 11:31:05,512 INFO o.a.j.e.StandardJMeterEngine: Starting ThreadGroup: 1 : Thread Group
2021-08-07 11:31:05,512 INFO o.a.j.e.StandardJMeterEngine: Starting 1 threads for group Thread Group.
2021-08-07 11:31:05,512 INFO o.a.j.e.StandardJMeterEngine: Thread will continue on error
2021-08-07 11:31:05,512 INFO o.a.j.t.ThreadGroup: Starting thread group... number=1 threads=1 ramp-up=1 delayedStart=false
2021-08-07 11:31:05,513 INFO o.a.j.t.ThreadGroup: Started thread group number 1
2021-08-07 11:31:05,513 INFO o.a.j.e.StandardJMeterEngine: All thread groups have been started
2021-08-07 11:31:05,516 INFO o.a.j.t.JMeterThread: Thread started: Thread Group 1-1
2021-08-07 11:31:05,516 INFO o.a.j.s.FileServer: Stored: /home/ubuntu/VSCode/Performance Testing/RegisterData.csv
2021-08-07 11:31:05,897 INFO o.a.j.t.JMeterThread: Thread is done: Thread Group 1-1
2021-08-07 11:31:05,897 INFO o.a.j.t.JMeterThread: Thread finished: Thread Group 1-1
2021-08-07 11:31:05,897 INFO o.a.j.e.StandardJMeterEngine: Notifying test listeners of end of test
2021-08-07 11:31:05,898 INFO o.a.j.s.FileServer: Close: /home/ubuntu/VSCode/Performance Testing/RegisterData.csv
2021-08-07 11:31:05,899 INFO o.a.j.g.u.JMeterMenuBar: setRunning(false, *local*)
2021-08-07 11:41:22,942 INFO o.a.j.v.ViewResultsFullVisualizer: Add JavaFX to your Java installation if you want to use renderer: org.apache.jmeter.visualizers.RenderInBrowser
2021-08-07 11:41:22,971 INFO o.a.j.g.a.Load: Loading file: /home/ubuntu/VSCode/Performance Testing/Register-hey-app.jmx
2021-08-07 11:41:22,971 INFO o.a.j.s.FileServer: Set new base='/home/ubuntu/VSCode/Performance Testing'
2021-08-07 11:41:22,971 INFO o.a.j.s.SaveService: Loading file: /home/ubuntu/VSCode/Performance Testing/Register-hey-app.jmx
2021-08-07 11:41:22,986 INFO o.a.j.s.FileServer: Set new base='/home/ubuntu/VSCode/Performance Testing'
2021-08-07 11:43:37,896 INFO o.a.j.v.ViewResultsFullVisualizer: Add JavaFX to your Java installation if you want to use renderer: org.apache.jmeter.visualizers.RenderInBrowser
2021-08-07 11:46:03,630 INFO o.a.j.e.StandardJMeterEngine: Running the test!
2021-08-07 11:46:03,631 INFO o.a.j.s.SampleEvent: List of sample_variables: []
2021-08-07 11:46:03,634 INFO o.a.j.g.u.JMeterMenuBar: setRunning(true, *local*)
2021-08-07 11:46:03,636 INFO o.a.j.e.StandardJMeterEngine: Starting ThreadGroup: 1 : Thread Group
2021-08-07 11:46:03,637 INFO o.a.j.e.StandardJMeterEngine: Starting 4 threads for group Thread Group.
2021-08-07 11:46:03,637 INFO o.a.j.e.StandardJMeterEngine: Thread will continue on error
2021-08-07 11:46:03,637 INFO o.a.j.t.ThreadGroup: Starting thread group... number=1 threads=4 ramp-up=1 delayedStart=false
2021-08-07 11:46:03,650 INFO o.a.j.t.ThreadGroup: Started thread group number 1
2021-08-07 11:46:03,651 INFO o.a.j.e.StandardJMeterEngine: All thread groups have been started
2021-08-07 11:46:03,652 INFO o.a.j.t.JMeterThread: Thread started: Thread Group 1-1
2021-08-07 11:46:03,652 INFO o.a.j.s.FileServer: Stored: /home/ubuntu/VSCode/Performance Testing/RegisterData.csv
2021-08-07 11:46:03,900 INFO o.a.j.t.JMeterThread: Thread started: Thread Group 1-2
2021-08-07 11:46:04,148 INFO o.a.j.t.JMeterThread: Thread started: Thread Group 1-3
2021-08-07 11:46:04,389 INFO o.a.j.t.JMeterThread: Thread started: Thread Group 1-4
2021-08-07 11:49:40,593 INFO o.a.j.g.a.Start: Stopping test
2021-08-07 11:49:40,612 INFO o.a.j.t.JMeterThread: Stopping: Thread Group 1-2
2021-08-07 11:49:40,613 WARN o.a.j.t.JMeterThread: Interrupting: Thread Group 1-2 sampler: http://localhost:5050/chat/api/protected/user
2021-08-07 11:49:40,613 INFO o.a.j.t.JMeterThread: Stopping: Thread Group 1-3
2021-08-07 11:49:40,614 WARN o.a.j.t.JMeterThread: Interrupting: Thread Group 1-3 sampler: http://localhost:5050/chat/api/protected/user
2021-08-07 11:49:40,614 INFO o.a.j.t.JMeterThread: Stopping: Thread Group 1-4
2021-08-07 11:49:40,615 WARN o.a.j.t.JMeterThread: Interrupting: Thread Group 1-4 sampler: http://localhost:5050/chat/api/protected/user
2021-08-07 11:49:40,615 INFO o.a.j.t.JMeterThread: Stopping: Thread Group 1-1
2021-08-07 11:49:40,616 WARN o.a.j.t.JMeterThread: Interrupting: Thread Group 1-1 sampler: http://localhost:5050/chat/api/protected/user
2021-08-07 11:49:40,618 INFO o.a.j.t.JMeterThread: Thread finished: Thread Group 1-2
2021-08-07 11:49:40,620 INFO o.a.j.t.JMeterThread: Thread finished: Thread Group 1-3
2021-08-07 11:49:40,621 INFO o.a.j.t.JMeterThread: Thread finished: Thread Group 1-1
2021-08-07 11:49:40,620 INFO o.a.j.t.JMeterThread: Thread finished: Thread Group 1-4
2021-08-07 11:49:40,624 INFO o.a.j.e.StandardJMeterEngine: Notifying test listeners of end of test
2021-08-07 11:49:40,624 INFO o.a.j.s.FileServer: Close: /home/ubuntu/VSCode/Performance Testing/RegisterData.csv
2021-08-07 11:49:40,624 INFO o.a.j.g.u.JMeterMenuBar: setRunning(false, *local*)
2021-08-07 11:50:33,395 INFO o.a.j.e.StandardJMeterEngine: Running the test!
2021-08-07 11:50:33,396 INFO o.a.j.s.SampleEvent: List of sample_variables: []
2021-08-07 11:50:33,400 INFO o.a.j.g.u.JMeterMenuBar: setRunning(true, *local*)
2021-08-07 11:50:33,490 INFO o.a.j.e.StandardJMeterEngine: Starting ThreadGroup: 1 : Thread Group
2021-08-07 11:50:33,490 INFO o.a.j.e.StandardJMeterEngine: Starting 4 threads for group Thread Group.
2021-08-07 11:50:33,490 INFO o.a.j.e.StandardJMeterEngine: Thread will continue on error
2021-08-07 11:50:33,490 INFO o.a.j.t.ThreadGroup: Starting thread group... number=1 threads=4 ramp-up=1 delayedStart=false
2021-08-07 11:50:33,491 INFO o.a.j.t.JMeterThread: Thread started: Thread Group 1-1
2021-08-07 11:50:33,492 INFO o.a.j.s.FileServer: Stored: /home/ubuntu/VSCode/Performance Testing/RegisterData.csv
2021-08-07 11:50:33,492 INFO o.a.j.t.ThreadGroup: Started thread group number 1
2021-08-07 11:50:33,492 INFO o.a.j.e.StandardJMeterEngine: All thread groups have been started
2021-08-07 11:50:33,742 INFO o.a.j.t.JMeterThread: Thread started: Thread Group 1-2
2021-08-07 11:50:33,749 INFO o.a.j.t.JMeterThread: Thread is done: Thread Group 1-1
2021-08-07 11:50:33,750 INFO o.a.j.t.JMeterThread: Thread finished: Thread Group 1-1
2021-08-07 11:50:33,989 INFO o.a.j.t.JMeterThread: Thread is done: Thread Group 1-2
2021-08-07 11:50:33,989 INFO o.a.j.t.JMeterThread: Thread finished: Thread Group 1-2
2021-08-07 11:50:33,991 INFO o.a.j.t.JMeterThread: Thread started: Thread Group 1-3
2021-08-07 11:50:34,236 INFO o.a.j.t.JMeterThread: Thread is done: Thread Group 1-3
2021-08-07 11:50:34,236 INFO o.a.j.t.JMeterThread: Thread finished: Thread Group 1-3
2021-08-07 11:50:34,241 INFO o.a.j.t.JMeterThread: Thread started: Thread Group 1-4
2021-08-07 11:50:34,480 INFO o.a.j.t.JMeterThread: Thread is done: Thread Group 1-4
2021-08-07 11:50:34,481 INFO o.a.j.t.JMeterThread: Thread finished: Thread Group 1-4
2021-08-07 11:50:34,481 INFO o.a.j.e.StandardJMeterEngine: Notifying test listeners of end of test
2021-08-07 11:50:34,481 INFO o.a.j.s.FileServer: Close: /home/ubuntu/VSCode/Performance Testing/RegisterData.csv
2021-08-07 11:50:34,482 INFO o.a.j.g.u.JMeterMenuBar: setRunning(false, *local*)
2021-08-07 11:52:14,842 INFO o.a.j.e.StandardJMeterEngine: Running the test!
2021-08-07 11:52:14,844 INFO o.a.j.s.SampleEvent: List of sample_variables: []
2021-08-07 11:52:14,847 INFO o.a.j.g.u.JMeterMenuBar: setRunning(true, *local*)
2021-08-07 11:52:14,943 INFO o.a.j.e.StandardJMeterEngine: Starting ThreadGroup: 1 : Thread Group
2021-08-07 11:52:14,943 INFO o.a.j.e.StandardJMeterEngine: Starting 4 threads for group Thread Group.
2021-08-07 11:52:14,943 INFO o.a.j.e.StandardJMeterEngine: Thread will continue on error
2021-08-07 11:52:14,943 INFO o.a.j.t.ThreadGroup: Starting thread group... number=1 threads=4 ramp-up=1 delayedStart=false
2021-08-07 11:52:14,944 INFO o.a.j.t.JMeterThread: Thread started: Thread Group 1-1
2021-08-07 11:52:14,945 INFO o.a.j.s.FileServer: Stored: /home/ubuntu/VSCode/Performance Testing/RegisterData.csv
2021-08-07 11:52:14,945 INFO o.a.j.t.ThreadGroup: Started thread group number 1
2021-08-07 11:52:14,945 INFO o.a.j.e.StandardJMeterEngine: All thread groups have been started
2021-08-07 11:52:15,194 INFO o.a.j.t.JMeterThread: Thread started: Thread Group 1-2
2021-08-07 11:52:15,444 INFO o.a.j.t.JMeterThread: Thread started: Thread Group 1-3
2021-08-07 11:52:15,694 INFO o.a.j.t.JMeterThread: Thread started: Thread Group 1-4
2021-08-07 11:52:44,093 INFO o.a.j.t.JMeterThread: Thread is done: Thread Group 1-1
2021-08-07 11:52:44,093 INFO o.a.j.t.JMeterThread: Thread finished: Thread Group 1-1
2021-08-07 11:52:44,100 INFO o.a.j.t.JMeterThread: Thread is done: Thread Group 1-2
2021-08-07 11:52:44,100 INFO o.a.j.t.JMeterThread: Thread finished: Thread Group 1-2
2021-08-07 11:52:44,104 INFO o.a.j.t.JMeterThread: Thread is done: Thread Group 1-3
2021-08-07 11:52:44,104 INFO o.a.j.t.JMeterThread: Thread finished: Thread Group 1-3
2021-08-07 11:52:44,109 INFO o.a.j.t.JMeterThread: Thread is done: Thread Group 1-4
2021-08-07 11:52:44,109 INFO o.a.j.t.JMeterThread: Thread finished: Thread Group 1-4
2021-08-07 11:52:44,109 INFO o.a.j.e.StandardJMeterEngine: Notifying test listeners of end of test
2021-08-07 11:52:44,109 INFO o.a.j.s.FileServer: Close: /home/ubuntu/VSCode/Performance Testing/RegisterData.csv
2021-08-07 11:52:44,109 INFO o.a.j.g.u.JMeterMenuBar: setRunning(false, *local*)
2021-08-07 11:54:39,229 INFO o.a.j.g.a.Load: Loading file: /home/ubuntu/VSCode/Performance Testing/Login Hey-App.jmx
2021-08-07 11:54:39,229 INFO o.a.j.s.FileServer: Set new base='/home/ubuntu/VSCode/Performance Testing'
2021-08-07 11:54:39,229 INFO o.a.j.s.SaveService: Loading file: /home/ubuntu/VSCode/Performance Testing/Login Hey-App.jmx
2021-08-07 11:54:39,256 INFO o.a.j.v.ViewResultsFullVisualizer: Add JavaFX to your Java installation if you want to use renderer: org.apache.jmeter.visualizers.RenderInBrowser
2021-08-07 11:54:39,283 INFO o.a.j.s.FileServer: Set new base='/home/ubuntu/VSCode/Performance Testing'
2021-08-07 11:55:06,095 INFO o.a.j.g.a.Load: Loading file: /home/ubuntu/VSCode/Performance Testing/Register-hey-app.jmx
2021-08-07 11:55:06,096 INFO o.a.j.s.FileServer: Set new base='/home/ubuntu/VSCode/Performance Testing'
2021-08-07 11:55:06,097 INFO o.a.j.s.SaveService: Loading file: /home/ubuntu/VSCode/Performance Testing/Register-hey-app.jmx
2021-08-07 11:55:06,125 INFO o.a.j.v.ViewResultsFullVisualizer: Add JavaFX to your Java installation if you want to use renderer: org.apache.jmeter.visualizers.RenderInBrowser
2021-08-07 11:55:06,157 INFO o.a.j.s.FileServer: Set new base='/home/ubuntu/VSCode/Performance Testing'
2021-08-07 11:56:14,792 INFO o.a.j.e.StandardJMeterEngine: Running the test!
2021-08-07 11:56:14,792 INFO o.a.j.s.SampleEvent: List of sample_variables: []
2021-08-07 11:56:14,795 INFO o.a.j.g.u.JMeterMenuBar: setRunning(true, *local*)
2021-08-07 11:56:14,896 INFO o.a.j.e.StandardJMeterEngine: Starting ThreadGroup: 1 : Thread Group
2021-08-07 11:56:14,896 INFO o.a.j.e.StandardJMeterEngine: Starting 4 threads for group Thread Group.
2021-08-07 11:56:14,896 INFO o.a.j.e.StandardJMeterEngine: Thread will continue on error
2021-08-07 11:56:14,896 INFO o.a.j.t.ThreadGroup: Starting thread group... number=1 threads=4 ramp-up=1 delayedStart=false
2021-08-07 11:56:14,897 INFO o.a.j.t.JMeterThread: Thread started: Thread Group 1-1
2021-08-07 11:56:14,898 INFO o.a.j.t.ThreadGroup: Started thread group number 1
2021-08-07 11:56:14,898 INFO o.a.j.e.StandardJMeterEngine: All thread groups have been started
2021-08-07 11:56:14,898 INFO o.a.j.s.FileServer: Stored: /home/ubuntu/VSCode/Performance Testing/RegisterData.csv
2021-08-07 11:56:15,147 INFO o.a.j.t.JMeterThread: Thread started: Thread Group 1-2
2021-08-07 11:56:15,401 INFO o.a.j.t.JMeterThread: Thread started: Thread Group 1-3
2021-08-07 11:56:15,651 INFO o.a.j.t.JMeterThread: Thread started: Thread Group 1-4
2021-08-07 11:56:16,080 INFO o.a.j.t.JMeterThread: Thread is done: Thread Group 1-4
2021-08-07 11:56:16,080 INFO o.a.j.t.JMeterThread: Thread finished: Thread Group 1-4
2021-08-07 11:56:16,081 INFO o.a.j.t.JMeterThread: Thread is done: Thread Group 1-3
2021-08-07 11:56:16,081 INFO o.a.j.t.JMeterThread: Thread finished: Thread Group 1-3
2021-08-07 11:57:12,320 INFO o.a.j.g.a.Start: Stopping test
2021-08-07 11:57:12,327 INFO o.a.j.t.JMeterThread: Stopping: Thread Group 1-1
2021-08-07 11:57:12,328 WARN o.a.j.t.JMeterThread: Interrupting: Thread Group 1-1 sampler: http://localhost:5050/chat/api/protected/user
2021-08-07 11:57:12,328 INFO o.a.j.t.JMeterThread: Stopping: Thread Group 1-2
2021-08-07 11:57:12,329 WARN o.a.j.t.JMeterThread: Interrupting: Thread Group 1-2 sampler: http://localhost:5050/chat/api/protected/user
2021-08-07 11:57:12,331 INFO o.a.j.t.JMeterThread: Thread finished: Thread Group 1-1
2021-08-07 11:57:12,331 INFO o.a.j.t.JMeterThread: Thread finished: Thread Group 1-2
2021-08-07 11:57:12,332 INFO o.a.j.e.StandardJMeterEngine: Notifying test listeners of end of test
2021-08-07 11:57:12,332 INFO o.a.j.s.FileServer: Close: /home/ubuntu/VSCode/Performance Testing/RegisterData.csv
2021-08-07 11:57:12,333 INFO o.a.j.g.u.JMeterMenuBar: setRunning(false, *local*)
2021-08-07 11:57:16,268 INFO o.a.j.e.StandardJMeterEngine: Running the test!
2021-08-07 11:57:16,269 INFO o.a.j.s.SampleEvent: List of sample_variables: []
2021-08-07 11:57:16,272 INFO o.a.j.g.u.JMeterMenuBar: setRunning(true, *local*)
2021-08-07 11:57:16,374 INFO o.a.j.e.StandardJMeterEngine: Starting ThreadGroup: 1 : Thread Group
2021-08-07 11:57:16,374 INFO o.a.j.e.StandardJMeterEngine: Starting 4 threads for group Thread Group.
2021-08-07 11:57:16,374 INFO o.a.j.e.StandardJMeterEngine: Thread will continue on error
2021-08-07 11:57:16,375 INFO o.a.j.t.ThreadGroup: Starting thread group... number=1 threads=4 ramp-up=1 delayedStart=false
2021-08-07 11:57:16,376 INFO o.a.j.t.JMeterThread: Thread started: Thread Group 1-1
2021-08-07 11:57:16,376 INFO o.a.j.t.ThreadGroup: Started thread group number 1
2021-08-07 11:57:16,376 INFO o.a.j.e.StandardJMeterEngine: All thread groups have been started
2021-08-07 11:57:16,377 INFO o.a.j.s.FileServer: Stored: /home/ubuntu/VSCode/Performance Testing/RegisterData.csv
2021-08-07 11:57:16,626 INFO o.a.j.t.JMeterThread: Thread started: Thread Group 1-2
2021-08-07 11:57:16,875 INFO o.a.j.t.JMeterThread: Thread started: Thread Group 1-3
2021-08-07 11:57:17,069 INFO o.a.j.t.JMeterThread: Thread is done: Thread Group 1-3
2021-08-07 11:57:17,069 INFO o.a.j.t.JMeterThread: Thread finished: Thread Group 1-3
2021-08-07 11:57:17,126 INFO o.a.j.t.JMeterThread: Thread started: Thread Group 1-4
2021-08-07 11:57:17,326 INFO o.a.j.t.JMeterThread: Thread is done: Thread Group 1-4
2021-08-07 11:57:17,326 INFO o.a.j.t.JMeterThread: Thread finished: Thread Group 1-4
2021-08-07 11:58:02,321 INFO o.a.j.t.JMeterThread: Thread is done: Thread Group 1-2
2021-08-07 11:58:02,321 INFO o.a.j.t.JMeterThread: Thread finished: Thread Group 1-2
2021-08-07 11:58:02,329 INFO o.a.j.t.JMeterThread: Thread is done: Thread Group 1-1
2021-08-07 11:58:02,329 INFO o.a.j.t.JMeterThread: Thread finished: Thread Group 1-1
2021-08-07 11:58:02,329 INFO o.a.j.e.StandardJMeterEngine: Notifying test listeners of end of test
2021-08-07 11:58:02,330 INFO o.a.j.s.FileServer: Close: /home/ubuntu/VSCode/Performance Testing/RegisterData.csv
2021-08-07 11:58:02,330 INFO o.a.j.g.u.JMeterMenuBar: setRunning(false, *local*)
2021-08-07 12:03:48,234 INFO o.a.j.e.StandardJMeterEngine: Running the test!
2021-08-07 12:03:48,235 INFO o.a.j.s.SampleEvent: List of sample_variables: []
2021-08-07 12:03:48,237 INFO o.a.j.g.u.JMeterMenuBar: setRunning(true, *local*)
2021-08-07 12:03:48,325 INFO o.a.j.e.StandardJMeterEngine: Starting ThreadGroup: 1 : Thread Group
2021-08-07 12:03:48,325 INFO o.a.j.e.StandardJMeterEngine: Starting 4 threads for group Thread Group.
2021-08-07 12:03:48,325 INFO o.a.j.e.StandardJMeterEngine: Thread will continue on error
2021-08-07 12:03:48,325 INFO o.a.j.t.ThreadGroup: Starting thread group... number=1 threads=4 ramp-up=1 delayedStart=false
2021-08-07 12:03:48,326 INFO o.a.j.t.JMeterThread: Thread started: Thread Group 1-1
2021-08-07 12:03:48,326 INFO o.a.j.s.FileServer: Stored: /home/ubuntu/VSCode/Performance Testing/RegisterData.csv
2021-08-07 12:03:48,326 INFO o.a.j.t.ThreadGroup: Started thread group number 1
2021-08-07 12:03:48,326 INFO o.a.j.e.StandardJMeterEngine: All thread groups have been started
2021-08-07 12:03:48,576 INFO o.a.j.t.JMeterThread: Thread started: Thread Group 1-2
2021-08-07 12:03:48,826 INFO o.a.j.t.JMeterThread: Thread started: Thread Group 1-3
2021-08-07 12:03:49,076 INFO o.a.j.t.JMeterThread: Thread started: Thread Group 1-4
2021-08-07 12:03:49,382 INFO o.a.j.t.JMeterThread: Thread is done: Thread Group 1-2
2021-08-07 12:03:49,382 INFO o.a.j.t.JMeterThread: Thread finished: Thread Group 1-2
2021-08-07 12:03:49,383 INFO o.a.j.t.JMeterThread: Thread is done: Thread Group 1-3
2021-08-07 12:03:49,384 INFO o.a.j.t.JMeterThread: Thread finished: Thread Group 1-3
2021-08-07 12:03:49,400 INFO o.a.j.t.JMeterThread: Thread is done: Thread Group 1-1
2021-08-07 12:03:49,400 INFO o.a.j.t.JMeterThread: Thread finished: Thread Group 1-1
2021-08-07 12:03:49,440 INFO o.a.j.t.JMeterThread: Thread is done: Thread Group 1-4
2021-08-07 12:03:49,440 INFO o.a.j.t.JMeterThread: Thread finished: Thread Group 1-4
2021-08-07 12:03:49,441 INFO o.a.j.e.StandardJMeterEngine: Notifying test listeners of end of test
2021-08-07 12:03:49,441 INFO o.a.j.s.FileServer: Close: /home/ubuntu/VSCode/Performance Testing/RegisterData.csv
2021-08-07 12:03:49,441 INFO o.a.j.g.u.JMeterMenuBar: setRunning(false, *local*)
2021-08-07 12:23:42,389 INFO o.a.j.e.StandardJMeterEngine: Running the test!
2021-08-07 12:23:42,390 INFO o.a.j.s.SampleEvent: List of sample_variables: []
2021-08-07 12:23:42,403 INFO o.a.j.g.u.JMeterMenuBar: setRunning(true, *local*)
2021-08-07 12:23:42,490 INFO o.a.j.e.StandardJMeterEngine: Starting ThreadGroup: 1 : Thread Group
2021-08-07 12:23:42,490 INFO o.a.j.e.StandardJMeterEngine: Starting 100 threads for group Thread Group.
2021-08-07 12:23:42,490 INFO o.a.j.e.StandardJMeterEngine: Thread will continue on error
2021-08-07 12:23:42,490 INFO o.a.j.t.ThreadGroup: Starting thread group... number=1 threads=100 ramp-up=100 delayedStart=false
2021-08-07 12:23:42,491 INFO o.a.j.t.JMeterThread: Thread started: Thread Group 1-1
2021-08-07 12:23:42,492 INFO o.a.j.s.FileServer: Stored: /home/ubuntu/VSCode/Performance Testing/RegisterData.csv
2021-08-07 12:23:42,525 INFO o.a.j.t.ThreadGroup: Started thread group number 1
2021-08-07 12:23:42,525 INFO o.a.j.e.StandardJMeterEngine: All thread groups have been started
2021-08-07 12:23:42,826 INFO o.a.j.t.JMeterThread: Thread is done: Thread Group 1-1
2021-08-07 12:23:42,826 INFO o.a.j.t.JMeterThread: Thread finished: Thread Group 1-1
2021-08-07 12:23:43,491 INFO o.a.j.t.JMeterThread: Thread started: Thread Group 1-2
2021-08-07 12:23:43,806 INFO o.a.j.t.JMeterThread: Thread is done: Thread Group 1-2
2021-08-07 12:23:43,806 INFO o.a.j.t.JMeterThread: Thread finished: Thread Group 1-2
2021-08-07 12:23:44,491 INFO o.a.j.t.JMeterThread: Thread started: Thread Group 1-3
2021-08-07 12:23:44,812 INFO o.a.j.t.JMeterThread: Thread is done: Thread Group 1-3
2021-08-07 12:23:44,812 INFO o.a.j.t.JMeterThread: Thread finished: Thread Group 1-3
2021-08-07 12:23:45,490 INFO o.a.j.t.JMeterThread: Thread started: Thread Group 1-4
2021-08-07 12:23:45,800 INFO o.a.j.t.JMeterThread: Thread is done: Thread Group 1-4
2021-08-07 12:23:45,800 INFO o.a.j.t.JMeterThread: Thread finished: Thread Group 1-4
2021-08-07 12:23:46,491 INFO o.a.j.t.JMeterThread: Thread started: Thread Group 1-5
2021-08-07 12:23:46,801 INFO o.a.j.t.JMeterThread: Thread is done: Thread Group 1-5
2021-08-07 12:23:46,801 INFO o.a.j.t.JMeterThread: Thread finished: Thread Group 1-5
2021-08-07 12:23:47,491 INFO o.a.j.t.JMeterThread: Thread started: Thread Group 1-6
2021-08-07 12:23:47,793 INFO o.a.j.t.JMeterThread: Thread is done: Thread Group 1-6
2021-08-07 12:23:47,793 INFO o.a.j.t.JMeterThread: Thread finished: Thread Group 1-6
2021-08-07 12:23:48,491 INFO o.a.j.t.JMeterThread: Thread started: Thread Group 1-7
2021-08-07 12:23:48,793 INFO o.a.j.t.JMeterThread: Thread is done: Thread Group 1-7
2021-08-07 12:23:48,793 INFO o.a.j.t.JMeterThread: Thread finished: Thread Group 1-7
2021-08-07 12:23:49,492 INFO o.a.j.t.JMeterThread: Thread started: Thread Group 1-8
2021-08-07 12:23:49,801 INFO o.a.j.t.JMeterThread: Thread is done: Thread Group 1-8
2021-08-07 12:23:49,801 INFO o.a.j.t.JMeterThread: Thread finished: Thread Group 1-8
2021-08-07 12:23:50,492 INFO o.a.j.t.JMeterThread: Thread started: Thread Group 1-9
2021-08-07 12:23:50,766 INFO o.a.j.t.JMeterThread: Thread is done: Thread Group 1-9
2021-08-07 12:23:50,766 INFO o.a.j.t.JMeterThread: Thread finished: Thread Group 1-9
2021-08-07 12:23:51,491 INFO o.a.j.t.JMeterThread: Thread started: Thread Group 1-10
2021-08-07 12:23:51,804 INFO o.a.j.t.JMeterThread: Thread is done: Thread Group 1-10
2021-08-07 12:23:51,805 INFO o.a.j.t.JMeterThread: Thread finished: Thread Group 1-10
2021-08-07 12:23:52,490 INFO o.a.j.t.JMeterThread: Thread started: Thread Group 1-11
2021-08-07 12:23:52,799 INFO o.a.j.t.JMeterThread: Thread is done: Thread Group 1-11
2021-08-07 12:23:52,800 INFO o.a.j.t.JMeterThread: Thread finished: Thread Group 1-11
2021-08-07 12:23:53,491 INFO o.a.j.t.JMeterThread: Thread started: Thread Group 1-12
2021-08-07 12:23:53,815 INFO o.a.j.t.JMeterThread: Thread is done: Thread Group 1-12
2021-08-07 12:23:53,815 INFO o.a.j.t.JMeterThread: Thread finished: Thread Group 1-12
2021-08-07 12:23:54,491 INFO o.a.j.t.JMeterThread: Thread started: Thread Group 1-13
2021-08-07 12:23:54,790 INFO o.a.j.t.JMeterThread: Thread is done: Thread Group 1-13
2021-08-07 12:23:54,791 INFO o.a.j.t.JMeterThread: Thread finished: Thread Group 1-13
2021-08-07 12:23:55,491 INFO o.a.j.t.JMeterThread: Thread started: Thread Group 1-14
2021-08-07 12:23:55,925 INFO o.a.j.t.JMeterThread: Thread is done: Thread Group 1-14
2021-08-07 12:23:55,926 INFO o.a.j.t.JMeterThread: Thread finished: Thread Group 1-14
2021-08-07 12:23:56,492 INFO o.a.j.t.JMeterThread: Thread started: Thread Group 1-15
2021-08-07 12:23:56,824 INFO o.a.j.t.JMeterThread: Thread is done: Thread Group 1-15
2021-08-07 12:23:56,824 INFO o.a.j.t.JMeterThread: Thread finished: Thread Group 1-15
2021-08-07 12:23:57,491 INFO o.a.j.t.JMeterThread: Thread started: Thread Group 1-16
2021-08-07 12:23:57,783 INFO o.a.j.t.JMeterThread: Thread is done: Thread Group 1-16
2021-08-07 12:23:57,783 INFO o.a.j.t.JMeterThread: Thread finished: Thread Group 1-16
2021-08-07 12:23:58,492 INFO o.a.j.t.JMeterThread: Thread started: Thread Group 1-17
2021-08-07 12:23:58,790 INFO o.a.j.t.JMeterThread: Thread is done: Thread Group 1-17
2021-08-07 12:23:58,790 INFO o.a.j.t.JMeterThread: Thread finished: Thread Group 1-17
2021-08-07 12:23:59,491 INFO o.a.j.t.JMeterThread: Thread started: Thread Group 1-18
2021-08-07 12:23:59,788 INFO o.a.j.t.JMeterThread: Thread is done: Thread Group 1-18
2021-08-07 12:23:59,788 INFO o.a.j.t.JMeterThread: Thread finished: Thread Group 1-18
2021-08-07 12:24:00,491 INFO o.a.j.t.JMeterThread: Thread started: Thread Group 1-19
2021-08-07 12:24:00,780 INFO o.a.j.t.JMeterThread: Thread is done: Thread Group 1-19
2021-08-07 12:24:00,780 INFO o.a.j.t.JMeterThread: Thread finished: Thread Group 1-19
2021-08-07 12:24:01,491 INFO o.a.j.t.JMeterThread: Thread started: Thread Group 1-20
2021-08-07 12:24:01,833 INFO o.a.j.t.JMeterThread: Thread is done: Thread Group 1-20
2021-08-07 12:24:01,833 INFO o.a.j.t.JMeterThread: Thread finished: Thread Group 1-20
2021-08-07 12:24:02,491 INFO o.a.j.t.JMeterThread: Thread started: Thread Group 1-21
2021-08-07 12:24:02,800 INFO o.a.j.t.JMeterThread: Thread is done: Thread Group 1-21
2021-08-07 12:24:02,800 INFO o.a.j.t.JMeterThread: Thread finished: Thread Group 1-21
2021-08-07 12:24:03,492 INFO o.a.j.t.JMeterThread: Thread started: Thread Group 1-22
2021-08-07 12:24:03,805 INFO o.a.j.t.JMeterThread: Thread is done: Thread Group 1-22
2021-08-07 12:24:03,805 INFO o.a.j.t.JMeterThread: Thread finished: Thread Group 1-22
2021-08-07 12:24:04,491 INFO o.a.j.t.JMeterThread: Thread started: Thread Group 1-23
2021-08-07 12:24:04,781 INFO o.a.j.t.JMeterThread: Thread is done: Thread Group 1-23
2021-08-07 12:24:04,781 INFO o.a.j.t.JMeterThread: Thread finished: Thread Group 1-23
2021-08-07 12:24:05,490 INFO o.a.j.t.JMeterThread: Thread started: Thread Group 1-24
2021-08-07 12:24:05,778 INFO o.a.j.t.JMeterThread: Thread is done: Thread Group 1-24
2021-08-07 12:24:05,778 INFO o.a.j.t.JMeterThread: Thread finished: Thread Group 1-24
2021-08-07 12:24:06,491 INFO o.a.j.t.JMeterThread: Thread started: Thread Group 1-25
2021-08-07 12:24:06,781 INFO o.a.j.t.JMeterThread: Thread is done: Thread Group 1-25
2021-08-07 12:24:06,781 INFO o.a.j.t.JMeterThread: Thread finished: Thread Group 1-25
2021-08-07 12:24:07,492 INFO o.a.j.t.JMeterThread: Thread started: Thread Group 1-26
2021-08-07 12:24:07,812 INFO o.a.j.t.JMeterThread: Thread is done: Thread Group 1-26
2021-08-07 12:24:07,812 INFO o.a.j.t.JMeterThread: Thread finished: Thread Group 1-26
2021-08-07 12:24:08,490 INFO o.a.j.t.JMeterThread: Thread started: Thread Group 1-27
2021-08-07 12:24:08,795 INFO o.a.j.t.JMeterThread: Thread is done: Thread Group 1-27
2021-08-07 12:24:08,795 INFO o.a.j.t.JMeterThread: Thread finished: Thread Group 1-27
2021-08-07 12:24:09,491 INFO o.a.j.t.JMeterThread: Thread started: Thread Group 1-28
2021-08-07 12:24:09,876 INFO o.a.j.t.JMeterThread: Thread is done: Thread Group 1-28
2021-08-07 12:24:09,877 INFO o.a.j.t.JMeterThread: Thread finished: Thread Group 1-28
2021-08-07 12:24:10,491 INFO o.a.j.t.JMeterThread: Thread started: Thread Group 1-29
2021-08-07 12:24:10,847 INFO o.a.j.t.JMeterThread: Thread is done: Thread Group 1-29
2021-08-07 12:24:10,847 INFO o.a.j.t.JMeterThread: Thread finished: Thread Group 1-29
2021-08-07 12:24:11,491 INFO o.a.j.t.JMeterThread: Thread started: Thread Group 1-30
2021-08-07 12:24:11,849 INFO o.a.j.t.JMeterThread: Thread is done: Thread Group 1-30
2021-08-07 12:24:11,849 INFO o.a.j.t.JMeterThread: Thread finished: Thread Group 1-30
2021-08-07 12:24:12,491 INFO o.a.j.t.JMeterThread: Thread started: Thread Group 1-31
2021-08-07 12:24:12,761 INFO o.a.j.t.JMeterThread: Thread is done: Thread Group 1-31
2021-08-07 12:24:12,761 INFO o.a.j.t.JMeterThread: Thread finished: Thread Group 1-31
2021-08-07 12:24:13,491 INFO o.a.j.t.JMeterThread: Thread started: Thread Group 1-32
2021-08-07 12:24:13,753 INFO o.a.j.t.JMeterThread: Thread is done: Thread Group 1-32
2021-08-07 12:24:13,753 INFO o.a.j.t.JMeterThread: Thread finished: Thread Group 1-32
2021-08-07 12:24:14,491 INFO o.a.j.t.JMeterThread: Thread started: Thread Group 1-33
2021-08-07 12:24:14,794 INFO o.a.j.t.JMeterThread: Thread is done: Thread Group 1-33
2021-08-07 12:24:14,794 INFO o.a.j.t.JMeterThread: Thread finished: Thread Group 1-33
2021-08-07 12:24:15,491 INFO o.a.j.t.JMeterThread: Thread started: Thread Group 1-34
2021-08-07 12:24:15,822 INFO o.a.j.t.JMeterThread: Thread is done: Thread Group 1-34
2021-08-07 12:24:15,822 INFO o.a.j.t.JMeterThread: Thread finished: Thread Group 1-34
2021-08-07 12:24:16,490 INFO o.a.j.t.JMeterThread: Thread started: Thread Group 1-35
2021-08-07 12:24:16,807 INFO o.a.j.t.JMeterThread: Thread is done: Thread Group 1-35
2021-08-07 12:24:16,807 INFO o.a.j.t.JMeterThread: Thread finished: Thread Group 1-35
2021-08-07 12:24:17,491 INFO o.a.j.t.JMeterThread: Thread started: Thread Group 1-36
2021-08-07 12:24:17,791 INFO o.a.j.t.JMeterThread: Thread is done: Thread Group 1-36
2021-08-07 12:24:17,791 INFO o.a.j.t.JMeterThread: Thread finished: Thread Group 1-36
2021-08-07 12:24:18,492 INFO o.a.j.t.JMeterThread: Thread started: Thread Group 1-37
2021-08-07 12:24:18,798 INFO o.a.j.t.JMeterThread: Thread is done: Thread Group 1-37
2021-08-07 12:24:18,798 INFO o.a.j.t.JMeterThread: Thread finished: Thread Group 1-37
2021-08-07 12:24:19,491 INFO o.a.j.t.JMeterThread: Thread started: Thread Group 1-38
2021-08-07 12:24:19,883 INFO o.a.j.t.JMeterThread: Thread is done: Thread Group 1-38
2021-08-07 12:24:19,883 INFO o.a.j.t.JMeterThread: Thread finished: Thread Group 1-38
2021-08-07 12:24:20,491 INFO o.a.j.t.JMeterThread: Thread started: Thread Group 1-39
2021-08-07 12:24:20,869 INFO o.a.j.t.JMeterThread: Thread is done: Thread Group 1-39
2021-08-07 12:24:20,869 INFO o.a.j.t.JMeterThread: Thread finished: Thread Group 1-39
2021-08-07 12:24:21,491 INFO o.a.j.t.JMeterThread: Thread started: Thread Group 1-40
2021-08-07 12:24:21,859 INFO o.a.j.t.JMeterThread: Thread is done: Thread Group 1-40
2021-08-07 12:24:21,859 INFO o.a.j.t.JMeterThread: Thread finished: Thread Group 1-40
2021-08-07 12:24:22,492 INFO o.a.j.t.JMeterThread: Thread started: Thread Group 1-41
2021-08-07 12:24:22,876 INFO o.a.j.t.JMeterThread: Thread is done: Thread Group 1-41
2021-08-07 12:24:22,876 INFO o.a.j.t.JMeterThread: Thread finished: Thread Group 1-41
2021-08-07 12:24:23,491 INFO o.a.j.t.JMeterThread: Thread started: Thread Group 1-42
2021-08-07 12:24:23,835 INFO o.a.j.t.JMeterThread: Thread is done: Thread Group 1-42
2021-08-07 12:24:23,836 INFO o.a.j.t.JMeterThread: Thread finished: Thread Group 1-42
2021-08-07 12:24:24,492 INFO o.a.j.t.JMeterThread: Thread started: Thread Group 1-43
2021-08-07 12:24:24,805 INFO o.a.j.t.JMeterThread: Thread is done: Thread Group 1-43
2021-08-07 12:24:24,806 INFO o.a.j.t.JMeterThread: Thread finished: Thread Group 1-43
2021-08-07 12:24:25,491 INFO o.a.j.t.JMeterThread: Thread started: Thread Group 1-44
2021-08-07 12:24:25,898 INFO o.a.j.t.JMeterThread: Thread is done: Thread Group 1-44
2021-08-07 12:24:25,898 INFO o.a.j.t.JMeterThread: Thread finished: Thread Group 1-44
2021-08-07 12:24:26,491 INFO o.a.j.t.JMeterThread: Thread started: Thread Group 1-45
2021-08-07 12:24:26,974 INFO o.a.j.t.JMeterThread: Thread is done: Thread Group 1-45
2021-08-07 12:24:26,974 INFO o.a.j.t.JMeterThread: Thread finished: Thread Group 1-45
2021-08-07 12:24:27,490 INFO o.a.j.t.JMeterThread: Thread started: Thread Group 1-46
2021-08-07 12:24:27,885 INFO o.a.j.t.JMeterThread: Thread is done: Thread Group 1-46
2021-08-07 12:24:27,885 INFO o.a.j.t.JMeterThread: Thread finished: Thread Group 1-46
2021-08-07 12:24:28,491 INFO o.a.j.t.JMeterThread: Thread started: Thread Group 1-47
2021-08-07 12:24:28,836 INFO o.a.j.t.JMeterThread: Thread is done: Thread Group 1-47
2021-08-07 12:24:28,836 INFO o.a.j.t.JMeterThread: Thread finished: Thread Group 1-47
2021-08-07 12:24:29,491 INFO o.a.j.t.JMeterThread: Thread started: Thread Group 1-48
2021-08-07 12:24:29,781 INFO o.a.j.t.JMeterThread: Thread is done: Thread Group 1-48
2021-08-07 12:24:29,781 INFO o.a.j.t.JMeterThread: Thread finished: Thread Group 1-48
2021-08-07 12:24:30,491 INFO o.a.j.t.JMeterThread: Thread started: Thread Group 1-49
2021-08-07 12:24:30,766 INFO o.a.j.t.JMeterThread: Thread is done: Thread Group 1-49
2021-08-07 12:24:30,767 INFO o.a.j.t.JMeterThread: Thread finished: Thread Group 1-49
2021-08-07 12:24:31,491 INFO o.a.j.t.JMeterThread: Thread started: Thread Group 1-50
2021-08-07 12:24:31,783 INFO o.a.j.t.JMeterThread: Thread is done: Thread Group 1-50
2021-08-07 12:24:31,783 INFO o.a.j.t.JMeterThread: Thread finished: Thread Group 1-50
2021-08-07 12:24:32,491 INFO o.a.j.t.JMeterThread: Thread started: Thread Group 1-51
2021-08-07 12:24:32,750 INFO o.a.j.t.JMeterThread: Thread is done: Thread Group 1-51
2021-08-07 12:24:32,750 INFO o.a.j.t.JMeterThread: Thread finished: Thread Group 1-51
2021-08-07 12:24:33,490 INFO o.a.j.t.JMeterThread: Thread started: Thread Group 1-52
2021-08-07 12:24:33,762 INFO o.a.j.t.JMeterThread: Thread is done: Thread Group 1-52
2021-08-07 12:24:33,762 INFO o.a.j.t.JMeterThread: Thread finished: Thread Group 1-52
2021-08-07 12:24:34,491 INFO o.a.j.t.JMeterThread: Thread started: Thread Group 1-53
2021-08-07 12:24:34,771 INFO o.a.j.t.JMeterThread: Thread is done: Thread Group 1-53
2021-08-07 12:24:34,771 INFO o.a.j.t.JMeterThread: Thread finished: Thread Group 1-53
2021-08-07 12:24:35,491 INFO o.a.j.t.JMeterThread: Thread started: Thread Group 1-54
2021-08-07 12:24:35,767 INFO o.a.j.t.JMeterThread: Thread is done: Thread Group 1-54
2021-08-07 12:24:35,767 INFO o.a.j.t.JMeterThread: Thread finished: Thread Group 1-54
2021-08-07 12:24:36,490 INFO o.a.j.t.JMeterThread: Thread started: Thread Group 1-55
2021-08-07 12:24:36,765 INFO o.a.j.t.JMeterThread: Thread is done: Thread Group 1-55
2021-08-07 12:24:36,765 INFO o.a.j.t.JMeterThread: Thread finished: Thread Group 1-55
2021-08-07 12:24:37,491 INFO o.a.j.t.JMeterThread: Thread started: Thread Group 1-56
2021-08-07 12:24:37,758 INFO o.a.j.t.JMeterThread: Thread is done: Thread Group 1-56
2021-08-07 12:24:37,758 INFO o.a.j.t.JMeterThread: Thread finished: Thread Group 1-56
2021-08-07 12:24:38,492 INFO o.a.j.t.JMeterThread: Thread started: Thread Group 1-57
2021-08-07 12:24:38,757 INFO o.a.j.t.JMeterThread: Thread is done: Thread Group 1-57
2021-08-07 12:24:38,757 INFO o.a.j.t.JMeterThread: Thread finished: Thread Group 1-57
2021-08-07 12:24:39,491 INFO o.a.j.t.JMeterThread: Thread started: Thread Group 1-58
2021-08-07 12:24:39,833 INFO o.a.j.t.JMeterThread: Thread is done: Thread Group 1-58
2021-08-07 12:24:39,833 INFO o.a.j.t.JMeterThread: Thread finished: Thread Group 1-58
2021-08-07 12:24:40,490 INFO o.a.j.t.JMeterThread: Thread started: Thread Group 1-59
2021-08-07 12:24:40,822 INFO o.a.j.t.JMeterThread: Thread is done: Thread Group 1-59
2021-08-07 12:24:40,822 INFO o.a.j.t.JMeterThread: Thread finished: Thread Group 1-59
2021-08-07 12:24:41,491 INFO o.a.j.t.JMeterThread: Thread started: Thread Group 1-60
2021-08-07 12:24:41,807 INFO o.a.j.t.JMeterThread: Thread is done: Thread Group 1-60
2021-08-07 12:24:41,807 INFO o.a.j.t.JMeterThread: Thread finished: Thread Group 1-60
2021-08-07 12:24:42,492 INFO o.a.j.t.JMeterThread: Thread started: Thread Group 1-61
2021-08-07 12:24:42,783 INFO o.a.j.t.JMeterThread: Thread is done: Thread Group 1-61
2021-08-07 12:24:42,783 INFO o.a.j.t.JMeterThread: Thread finished: Thread Group 1-61
2021-08-07 12:24:43,490 INFO o.a.j.t.JMeterThread: Thread started: Thread Group 1-62
2021-08-07 12:24:43,741 INFO o.a.j.t.JMeterThread: Thread is done: Thread Group 1-62
2021-08-07 12:24:43,741 INFO o.a.j.t.JMeterThread: Thread finished: Thread Group 1-62
2021-08-07 12:24:44,491 INFO o.a.j.t.JMeterThread: Thread started: Thread Group 1-63
2021-08-07 12:24:44,767 INFO o.a.j.t.JMeterThread: Thread is done: Thread Group 1-63
2021-08-07 12:24:44,767 INFO o.a.j.t.JMeterThread: Thread finished: Thread Group 1-63
2021-08-07 12:24:45,491 INFO o.a.j.t.JMeterThread: Thread started: Thread Group 1-64
2021-08-07 12:24:45,772 INFO o.a.j.t.JMeterThread: Thread is done: Thread Group 1-64
2021-08-07 12:24:45,773 INFO o.a.j.t.JMeterThread: Thread finished: Thread Group 1-64
2021-08-07 12:24:46,490 INFO o.a.j.t.JMeterThread: Thread started: Thread Group 1-65
2021-08-07 12:24:46,760 INFO o.a.j.t.JMeterThread: Thread is done: Thread Group 1-65
2021-08-07 12:24:46,760 INFO o.a.j.t.JMeterThread: Thread finished: Thread Group 1-65
2021-08-07 12:24:47,491 INFO o.a.j.t.JMeterThread: Thread started: Thread Group 1-66
2021-08-07 12:24:47,795 INFO o.a.j.t.JMeterThread: Thread is done: Thread Group 1-66
2021-08-07 12:24:47,795 INFO o.a.j.t.JMeterThread: Thread finished: Thread Group 1-66
2021-08-07 12:24:48,492 INFO o.a.j.t.JMeterThread: Thread started: Thread Group 1-67
2021-08-07 12:24:48,772 INFO o.a.j.t.JMeterThread: Thread is done: Thread Group 1-67
2021-08-07 12:24:48,772 INFO o.a.j.t.JMeterThread: Thread finished: Thread Group 1-67
2021-08-07 12:24:49,491 INFO o.a.j.t.JMeterThread: Thread started: Thread Group 1-68
2021-08-07 12:24:49,753 INFO o.a.j.t.JMeterThread: Thread is done: Thread Group 1-68
2021-08-07 12:24:49,753 INFO o.a.j.t.JMeterThread: Thread finished: Thread Group 1-68
2021-08-07 12:24:50,491 INFO o.a.j.t.JMeterThread: Thread started: Thread Group 1-69
2021-08-07 12:24:50,781 INFO o.a.j.t.JMeterThread: Thread is done: Thread Group 1-69
2021-08-07 12:24:50,781 INFO o.a.j.t.JMeterThread: Thread finished: Thread Group 1-69
2021-08-07 12:24:51,491 INFO o.a.j.t.JMeterThread: Thread started: Thread Group 1-70
2021-08-07 12:24:51,755 INFO o.a.j.t.JMeterThread: Thread is done: Thread Group 1-70
2021-08-07 12:24:51,756 INFO o.a.j.t.JMeterThread: Thread finished: Thread Group 1-70
2021-08-07 12:24:52,490 INFO o.a.j.t.JMeterThread: Thread started: Thread Group 1-71
2021-08-07 12:24:52,775 INFO o.a.j.t.JMeterThread: Thread is done: Thread Group 1-71
2021-08-07 12:24:52,775 INFO o.a.j.t.JMeterThread: Thread finished: Thread Group 1-71
2021-08-07 12:24:53,490 INFO o.a.j.t.JMeterThread: Thread started: Thread Group 1-72
2021-08-07 12:24:53,751 INFO o.a.j.t.JMeterThread: Thread is done: Thread Group 1-72
2021-08-07 12:24:53,752 INFO o.a.j.t.JMeterThread: Thread finished: Thread Group 1-72
2021-08-07 12:24:54,491 INFO o.a.j.t.JMeterThread: Thread started: Thread Group 1-73
2021-08-07 12:24:54,799 INFO o.a.j.t.JMeterThread: Thread is done: Thread Group 1-73
2021-08-07 12:24:54,800 INFO o.a.j.t.JMeterThread: Thread finished: Thread Group 1-73
2021-08-07 12:24:55,491 INFO o.a.j.t.JMeterThread: Thread started: Thread Group 1-74
2021-08-07 12:24:55,746 INFO o.a.j.t.JMeterThread: Thread is done: Thread Group 1-74
2021-08-07 12:24:55,746 INFO o.a.j.t.JMeterThread: Thread finished: Thread Group 1-74
2021-08-07 12:24:56,490 INFO o.a.j.t.JMeterThread: Thread started: Thread Group 1-75
2021-08-07 12:24:56,762 INFO o.a.j.t.JMeterThread: Thread is done: Thread Group 1-75
2021-08-07 12:24:56,763 INFO o.a.j.t.JMeterThread: Thread finished: Thread Group 1-75
2021-08-07 12:24:57,490 INFO o.a.j.t.JMeterThread: Thread started: Thread Group 1-76
2021-08-07 12:24:57,771 INFO o.a.j.t.JMeterThread: Thread is done: Thread Group 1-76
2021-08-07 12:24:57,771 INFO o.a.j.t.JMeterThread: Thread finished: Thread Group 1-76
2021-08-07 12:24:58,492 INFO o.a.j.t.JMeterThread: Thread started: Thread Group 1-77
2021-08-07 12:24:58,741 INFO o.a.j.t.JMeterThread: Thread is done: Thread Group 1-77
2021-08-07 12:24:58,741 INFO o.a.j.t.JMeterThread: Thread finished: Thread Group 1-77
2021-08-07 12:24:59,491 INFO o.a.j.t.JMeterThread: Thread started: Thread Group 1-78
2021-08-07 12:24:59,796 INFO o.a.j.t.JMeterThread: Thread is done: Thread Group 1-78
2021-08-07 12:24:59,797 INFO o.a.j.t.JMeterThread: Thread finished: Thread Group 1-78
2021-08-07 12:25:00,490 INFO o.a.j.t.JMeterThread: Thread started: Thread Group 1-79
2021-08-07 12:25:00,783 INFO o.a.j.t.JMeterThread: Thread is done: Thread Group 1-79
2021-08-07 12:25:00,783 INFO o.a.j.t.JMeterThread: Thread finished: Thread Group 1-79
2021-08-07 12:25:01,491 INFO o.a.j.t.JMeterThread: Thread started: Thread Group 1-80
2021-08-07 12:25:01,785 INFO o.a.j.t.JMeterThread: Thread is done: Thread Group 1-80
2021-08-07 12:25:01,785 INFO o.a.j.t.JMeterThread: Thread finished: Thread Group 1-80
2021-08-07 12:25:02,491 INFO o.a.j.t.JMeterThread: Thread started: Thread Group 1-81
2021-08-07 12:25:02,770 INFO o.a.j.t.JMeterThread: Thread is done: Thread Group 1-81
2021-08-07 12:25:02,770 INFO o.a.j.t.JMeterThread: Thread finished: Thread Group 1-81
2021-08-07 12:25:03,490 INFO o.a.j.t.JMeterThread: Thread started: Thread Group 1-82
2021-08-07 12:25:03,770 INFO o.a.j.t.JMeterThread: Thread is done: Thread Group 1-82
2021-08-07 12:25:03,770 INFO o.a.j.t.JMeterThread: Thread finished: Thread Group 1-82
2021-08-07 12:25:04,492 INFO o.a.j.t.JMeterThread: Thread started: Thread Group 1-83
2021-08-07 12:25:04,807 INFO o.a.j.t.JMeterThread: Thread is done: Thread Group 1-83
2021-08-07 12:25:04,807 INFO o.a.j.t.JMeterThread: Thread finished: Thread Group 1-83
2021-08-07 12:25:05,492 INFO o.a.j.t.JMeterThread: Thread started: Thread Group 1-84
2021-08-07 12:25:05,767 INFO o.a.j.t.JMeterThread: Thread is done: Thread Group 1-84
2021-08-07 12:25:05,767 INFO o.a.j.t.JMeterThread: Thread finished: Thread Group 1-84
2021-08-07 12:25:06,492 INFO o.a.j.t.JMeterThread: Thread started: Thread Group 1-85
2021-08-07 12:25:06,759 INFO o.a.j.t.JMeterThread: Thread is done: Thread Group 1-85
2021-08-07 12:25:06,759 INFO o.a.j.t.JMeterThread: Thread finished: Thread Group 1-85
2021-08-07 12:25:07,490 INFO o.a.j.t.JMeterThread: Thread started: Thread Group 1-86
2021-08-07 12:25:07,767 INFO o.a.j.t.JMeterThread: Thread is done: Thread Group 1-86
2021-08-07 12:25:07,767 INFO o.a.j.t.JMeterThread: Thread finished: Thread Group 1-86
2021-08-07 12:25:08,491 INFO o.a.j.t.JMeterThread: Thread started: Thread Group 1-87
2021-08-07 12:25:08,781 INFO o.a.j.t.JMeterThread: Thread is done: Thread Group 1-87
2021-08-07 12:25:08,781 INFO o.a.j.t.JMeterThread: Thread finished: Thread Group 1-87
2021-08-07 12:25:09,492 INFO o.a.j.t.JMeterThread: Thread started: Thread Group 1-88
2021-08-07 12:25:09,781 INFO o.a.j.t.JMeterThread: Thread is done: Thread Group 1-88
2021-08-07 12:25:09,781 INFO o.a.j.t.JMeterThread: Thread finished: Thread Group 1-88
2021-08-07 12:25:10,490 INFO o.a.j.t.JMeterThread: Thread started: Thread Group 1-89
2021-08-07 12:25:10,768 INFO o.a.j.t.JMeterThread: Thread is done: Thread Group 1-89
2021-08-07 12:25:10,768 INFO o.a.j.t.JMeterThread: Thread finished: Thread Group 1-89
2021-08-07 12:25:11,490 INFO o.a.j.t.JMeterThread: Thread started: Thread Group 1-90
2021-08-07 12:25:11,785 INFO o.a.j.t.JMeterThread: Thread is done: Thread Group 1-90
2021-08-07 12:25:11,786 INFO o.a.j.t.JMeterThread: Thread finished: Thread Group 1-90
2021-08-07 12:25:12,492 INFO o.a.j.t.JMeterThread: Thread started: Thread Group 1-91
2021-08-07 12:25:12,756 INFO o.a.j.t.JMeterThread: Thread is done: Thread Group 1-91
2021-08-07 12:25:12,756 INFO o.a.j.t.JMeterThread: Thread finished: Thread Group 1-91
2021-08-07 12:25:13,492 INFO o.a.j.t.JMeterThread: Thread started: Thread Group 1-92
2021-08-07 12:25:13,753 INFO o.a.j.t.JMeterThread: Thread is done: Thread Group 1-92
2021-08-07 12:25:13,753 INFO o.a.j.t.JMeterThread: Thread finished: Thread Group 1-92
2021-08-07 12:25:14,490 INFO o.a.j.t.JMeterThread: Thread started: Thread Group 1-93
2021-08-07 12:25:14,782 INFO o.a.j.t.JMeterThread: Thread is done: Thread Group 1-93
2021-08-07 12:25:14,782 INFO o.a.j.t.JMeterThread: Thread finished: Thread Group 1-93
2021-08-07 12:25:15,491 INFO o.a.j.t.JMeterThread: Thread started: Thread Group 1-94
2021-08-07 12:25:15,752 INFO o.a.j.t.JMeterThread: Thread is done: Thread Group 1-94
2021-08-07 12:25:15,752 INFO o.a.j.t.JMeterThread: Thread finished: Thread Group 1-94
2021-08-07 12:25:16,491 INFO o.a.j.t.JMeterThread: Thread started: Thread Group 1-95
2021-08-07 12:25:16,757 INFO o.a.j.t.JMeterThread: Thread is done: Thread Group 1-95
2021-08-07 12:25:16,757 INFO o.a.j.t.JMeterThread: Thread finished: Thread Group 1-95
2021-08-07 12:25:17,490 INFO o.a.j.t.JMeterThread: Thread started: Thread Group 1-96
2021-08-07 12:25:17,775 INFO o.a.j.t.JMeterThread: Thread is done: Thread Group 1-96
2021-08-07 12:25:17,775 INFO o.a.j.t.JMeterThread: Thread finished: Thread Group 1-96
2021-08-07 12:25:18,490 INFO o.a.j.t.JMeterThread: Thread started: Thread Group 1-97
2021-08-07 12:25:18,810 INFO o.a.j.t.JMeterThread: Thread is done: Thread Group 1-97
2021-08-07 12:25:18,810 INFO o.a.j.t.JMeterThread: Thread finished: Thread Group 1-97
2021-08-07 12:25:19,492 INFO o.a.j.t.JMeterThread: Thread started: Thread Group 1-98
2021-08-07 12:25:19,746 INFO o.a.j.t.JMeterThread: Thread is done: Thread Group 1-98
2021-08-07 12:25:19,746 INFO o.a.j.t.JMeterThread: Thread finished: Thread Group 1-98
2021-08-07 12:25:20,492 INFO o.a.j.t.JMeterThread: Thread started: Thread Group 1-99
2021-08-07 12:25:20,853 INFO o.a.j.t.JMeterThread: Thread is done: Thread Group 1-99
2021-08-07 12:25:20,853 INFO o.a.j.t.JMeterThread: Thread finished: Thread Group 1-99
2021-08-07 12:25:21,491 INFO o.a.j.t.JMeterThread: Thread started: Thread Group 1-100
2021-08-07 12:25:21,789 INFO o.a.j.t.JMeterThread: Thread is done: Thread Group 1-100
2021-08-07 12:25:21,789 INFO o.a.j.t.JMeterThread: Thread finished: Thread Group 1-100
2021-08-07 12:25:21,789 INFO o.a.j.e.StandardJMeterEngine: Notifying test listeners of end of test
2021-08-07 12:25:21,789 INFO o.a.j.s.FileServer: Close: /home/ubuntu/VSCode/Performance Testing/RegisterData.csv
2021-08-07 12:25:21,790 INFO o.a.j.g.u.JMeterMenuBar: setRunning(false, *local*)
